2020-08-26 01:03:56,000 [Worker-2: Loading available Gradle versions] INFO  o.e.b.c.i.u.g.PublishedGradleVersions - Gradle version information cache is up-to-date. Trying to read.
2020-08-26 01:05:29,091 [Worker-3: Building] INFO  o.e.m.c.i.l.LifecycleMappingFactory - Using org.eclipse.m2e.jdt.JarLifecycleMapping lifecycle mapping for MavenProject: com.revature.bank:SovereignBank:0.0.1-SNAPSHOT @ C:\Users\Taylor Steffan\Documents\workspace-spring-tool-suite-4-4.7.1.RELEASE\SovereignBank\pom.xml.
2020-08-26 01:05:30,251 [Worker-3: Building] WARN  o.e.m.c.i.embedder.EclipseLogger - Using platform encoding (Cp1252 actually) to copy filtered resources, i.e. build is platform dependent!
2020-08-26 01:05:30,256 [Worker-3: Building] INFO  o.e.m.c.i.embedder.EclipseLogger - Copying 0 resource
2020-08-26 01:05:30,258 [Worker-3: Building] WARN  o.e.m.c.i.embedder.EclipseLogger - Using platform encoding (Cp1252 actually) to copy filtered resources, i.e. build is platform dependent!
2020-08-26 01:05:30,259 [Worker-3: Building] INFO  o.e.m.c.i.embedder.EclipseLogger - Copying 0 resource
2020-08-26 01:05:31,673 [Worker-9: Updating Maven Dependencies] INFO  o.e.m.c.i.l.LifecycleMappingFactory - Using org.eclipse.m2e.jdt.JarLifecycleMapping lifecycle mapping for MavenProject: com.revature.bank:SovereignBank:0.0.1-SNAPSHOT @ C:\Users\Taylor Steffan\Documents\workspace-spring-tool-suite-4-4.7.1.RELEASE\SovereignBank\pom.xml.
2020-08-26 01:05:31,683 [Worker-2: Building] WARN  o.e.m.c.i.embedder.EclipseLogger - Using platform encoding (Cp1252 actually) to copy filtered resources, i.e. build is platform dependent!
2020-08-26 01:05:31,690 [Worker-2: Building] INFO  o.e.m.c.i.embedder.EclipseLogger - Copying 0 resource
2020-08-26 01:05:31,694 [Worker-2: Building] WARN  o.e.m.c.i.embedder.EclipseLogger - Using platform encoding (Cp1252 actually) to copy filtered resources, i.e. build is platform dependent!
2020-08-26 01:05:31,696 [Worker-2: Building] INFO  o.e.m.c.i.embedder.EclipseLogger - Copying 0 resource
2020-08-26 01:05:32,946 [Worker-5: Building] WARN  o.e.m.c.i.embedder.EclipseLogger - Using platform encoding (Cp1252 actually) to copy filtered resources, i.e. build is platform dependent!
2020-08-26 01:05:32,948 [Worker-5: Building] INFO  o.e.m.c.i.embedder.EclipseLogger - Copying 0 resource
2020-08-26 01:05:32,948 [Worker-5: Building] WARN  o.e.m.c.i.embedder.EclipseLogger - Using platform encoding (Cp1252 actually) to copy filtered resources, i.e. build is platform dependent!
2020-08-26 01:05:32,949 [Worker-5: Building] INFO  o.e.m.c.i.embedder.EclipseLogger - Copying 0 resource
2020-08-26 01:06:18,258 [Worker-3: Building] WARN  o.e.m.c.i.embedder.EclipseLogger - Using platform encoding (Cp1252 actually) to copy filtered resources, i.e. build is platform dependent!
2020-08-26 01:06:18,260 [Worker-3: Building] INFO  o.e.m.c.i.embedder.EclipseLogger - Copying 0 resource
2020-08-26 01:06:18,261 [Worker-3: Building] WARN  o.e.m.c.i.embedder.EclipseLogger - Using platform encoding (Cp1252 actually) to copy filtered resources, i.e. build is platform dependent!
2020-08-26 01:06:18,263 [Worker-3: Building] INFO  o.e.m.c.i.embedder.EclipseLogger - Copying 0 resource
2020-08-26 01:06:42,576 [Worker-2: Building] WARN  o.e.m.c.i.embedder.EclipseLogger - Using platform encoding (Cp1252 actually) to copy filtered resources, i.e. build is platform dependent!
2020-08-26 01:06:42,578 [Worker-2: Building] INFO  o.e.m.c.i.embedder.EclipseLogger - Copying 0 resource
2020-08-26 01:06:42,579 [Worker-2: Building] WARN  o.e.m.c.i.embedder.EclipseLogger - Using platform encoding (Cp1252 actually) to copy filtered resources, i.e. build is platform dependent!
2020-08-26 01:06:42,582 [Worker-2: Building] INFO  o.e.m.c.i.embedder.EclipseLogger - Copying 0 resource
2020-08-26 03:59:48,478 [Worker-26: Building] WARN  o.e.m.c.i.embedder.EclipseLogger - Using platform encoding (Cp1252 actually) to copy filtered resources, i.e. build is platform dependent!
2020-08-26 03:59:48,483 [Worker-26: Building] INFO  o.e.m.c.i.embedder.EclipseLogger - Copying 0 resource
2020-08-26 03:59:48,485 [Worker-26: Building] WARN  o.e.m.c.i.embedder.EclipseLogger - Using platform encoding (Cp1252 actually) to copy filtered resources, i.e. build is platform dependent!
2020-08-26 03:59:48,487 [Worker-26: Building] INFO  o.e.m.c.i.embedder.EclipseLogger - Copying 0 resource
2020-08-26 04:00:10,844 [Worker-22: Building] WARN  o.e.m.c.i.embedder.EclipseLogger - Using platform encoding (Cp1252 actually) to copy filtered resources, i.e. build is platform dependent!
2020-08-26 04:00:10,846 [Worker-22: Building] INFO  o.e.m.c.i.embedder.EclipseLogger - Copying 0 resource
2020-08-26 04:00:10,848 [Worker-22: Building] WARN  o.e.m.c.i.embedder.EclipseLogger - Using platform encoding (Cp1252 actually) to copy filtered resources, i.e. build is platform dependent!
2020-08-26 04:00:10,850 [Worker-22: Building] INFO  o.e.m.c.i.embedder.EclipseLogger - Copying 0 resource
2020-08-26 04:03:00,069 [Worker-29: Building] WARN  o.e.m.c.i.embedder.EclipseLogger - Using platform encoding (Cp1252 actually) to copy filtered resources, i.e. build is platform dependent!
2020-08-26 04:03:00,072 [Worker-29: Building] INFO  o.e.m.c.i.embedder.EclipseLogger - Copying 0 resource
2020-08-26 04:03:00,074 [Worker-29: Building] WARN  o.e.m.c.i.embedder.EclipseLogger - Using platform encoding (Cp1252 actually) to copy filtered resources, i.e. build is platform dependent!
2020-08-26 04:03:00,077 [Worker-29: Building] INFO  o.e.m.c.i.embedder.EclipseLogger - Copying 0 resource
2020-08-26 04:05:35,386 [Worker-23: Building] WARN  o.e.m.c.i.embedder.EclipseLogger - Using platform encoding (Cp1252 actually) to copy filtered resources, i.e. build is platform dependent!
2020-08-26 04:05:35,388 [Worker-23: Building] INFO  o.e.m.c.i.embedder.EclipseLogger - Copying 0 resource
2020-08-26 04:05:35,389 [Worker-23: Building] WARN  o.e.m.c.i.embedder.EclipseLogger - Using platform encoding (Cp1252 actually) to copy filtered resources, i.e. build is platform dependent!
2020-08-26 04:05:35,390 [Worker-23: Building] INFO  o.e.m.c.i.embedder.EclipseLogger - Copying 0 resource
2020-08-26 04:05:59,691 [Worker-23: Building] WARN  o.e.m.c.i.embedder.EclipseLogger - Using platform encoding (Cp1252 actually) to copy filtered resources, i.e. build is platform dependent!
2020-08-26 04:05:59,695 [Worker-23: Building] INFO  o.e.m.c.i.embedder.EclipseLogger - Copying 0 resource
2020-08-26 04:05:59,697 [Worker-23: Building] WARN  o.e.m.c.i.embedder.EclipseLogger - Using platform encoding (Cp1252 actually) to copy filtered resources, i.e. build is platform dependent!
2020-08-26 04:05:59,701 [Worker-23: Building] INFO  o.e.m.c.i.embedder.EclipseLogger - Copying 0 resource
2020-08-26 04:06:30,639 [Worker-31: Building] WARN  o.e.m.c.i.embedder.EclipseLogger - Using platform encoding (Cp1252 actually) to copy filtered resources, i.e. build is platform dependent!
2020-08-26 04:06:30,641 [Worker-31: Building] INFO  o.e.m.c.i.embedder.EclipseLogger - Copying 0 resource
2020-08-26 04:06:30,643 [Worker-31: Building] WARN  o.e.m.c.i.embedder.EclipseLogger - Using platform encoding (Cp1252 actually) to copy filtered resources, i.e. build is platform dependent!
2020-08-26 04:06:30,644 [Worker-31: Building] INFO  o.e.m.c.i.embedder.EclipseLogger - Copying 0 resource
2020-08-26 04:09:38,541 [Worker-29: Building] WARN  o.e.m.c.i.embedder.EclipseLogger - Using platform encoding (Cp1252 actually) to copy filtered resources, i.e. build is platform dependent!
2020-08-26 04:09:38,544 [Worker-29: Building] INFO  o.e.m.c.i.embedder.EclipseLogger - Copying 0 resource
2020-08-26 04:09:38,545 [Worker-29: Building] WARN  o.e.m.c.i.embedder.EclipseLogger - Using platform encoding (Cp1252 actually) to copy filtered resources, i.e. build is platform dependent!
2020-08-26 04:09:38,547 [Worker-29: Building] INFO  o.e.m.c.i.embedder.EclipseLogger - Copying 0 resource
2020-08-26 04:13:28,226 [Worker-35: Building] WARN  o.e.m.c.i.embedder.EclipseLogger - Using platform encoding (Cp1252 actually) to copy filtered resources, i.e. build is platform dependent!
2020-08-26 04:13:28,228 [Worker-35: Building] INFO  o.e.m.c.i.embedder.EclipseLogger - Copying 0 resource
2020-08-26 04:13:28,231 [Worker-35: Building] WARN  o.e.m.c.i.embedder.EclipseLogger - Using platform encoding (Cp1252 actually) to copy filtered resources, i.e. build is platform dependent!
2020-08-26 04:13:28,236 [Worker-35: Building] INFO  o.e.m.c.i.embedder.EclipseLogger - Copying 0 resource
2020-08-26 16:09:15,239 [Worker-76: Building] WARN  o.e.m.c.i.embedder.EclipseLogger - Using platform encoding (Cp1252 actually) to copy filtered resources, i.e. build is platform dependent!
2020-08-26 16:09:15,242 [Worker-76: Building] INFO  o.e.m.c.i.embedder.EclipseLogger - Copying 0 resource
2020-08-26 16:09:15,243 [Worker-76: Building] WARN  o.e.m.c.i.embedder.EclipseLogger - Using platform encoding (Cp1252 actually) to copy filtered resources, i.e. build is platform dependent!
2020-08-26 16:09:15,245 [Worker-76: Building] INFO  o.e.m.c.i.embedder.EclipseLogger - Copying 0 resource
2020-08-26 16:09:16,459 [Worker-77: Building] WARN  o.e.m.c.i.embedder.EclipseLogger - Using platform encoding (Cp1252 actually) to copy filtered resources, i.e. build is platform dependent!
2020-08-26 16:09:16,461 [Worker-77: Building] INFO  o.e.m.c.i.embedder.EclipseLogger - Copying 0 resource
2020-08-26 16:09:16,463 [Worker-77: Building] WARN  o.e.m.c.i.embedder.EclipseLogger - Using platform encoding (Cp1252 actually) to copy filtered resources, i.e. build is platform dependent!
2020-08-26 16:09:16,465 [Worker-77: Building] INFO  o.e.m.c.i.embedder.EclipseLogger - Copying 0 resource
2020-08-26 16:15:11,782 [Worker-83: Building] WARN  o.e.m.c.i.embedder.EclipseLogger - Using platform encoding (Cp1252 actually) to copy filtered resources, i.e. build is platform dependent!
2020-08-26 16:15:11,785 [Worker-83: Building] INFO  o.e.m.c.i.embedder.EclipseLogger - Copying 0 resource
2020-08-26 16:15:11,786 [Worker-83: Building] WARN  o.e.m.c.i.embedder.EclipseLogger - Using platform encoding (Cp1252 actually) to copy filtered resources, i.e. build is platform dependent!
2020-08-26 16:15:11,788 [Worker-83: Building] INFO  o.e.m.c.i.embedder.EclipseLogger - Copying 0 resource
2020-08-26 16:17:02,876 [Worker-81: Building] WARN  o.e.m.c.i.embedder.EclipseLogger - Using platform encoding (Cp1252 actually) to copy filtered resources, i.e. build is platform dependent!
2020-08-26 16:17:02,878 [Worker-81: Building] INFO  o.e.m.c.i.embedder.EclipseLogger - Copying 0 resource
2020-08-26 16:17:02,879 [Worker-81: Building] WARN  o.e.m.c.i.embedder.EclipseLogger - Using platform encoding (Cp1252 actually) to copy filtered resources, i.e. build is platform dependent!
2020-08-26 16:17:02,880 [Worker-81: Building] INFO  o.e.m.c.i.embedder.EclipseLogger - Copying 0 resource
2020-08-26 16:21:20,079 [Worker-88: Building] WARN  o.e.m.c.i.embedder.EclipseLogger - Using platform encoding (Cp1252 actually) to copy filtered resources, i.e. build is platform dependent!
2020-08-26 16:21:20,083 [Worker-88: Building] INFO  o.e.m.c.i.embedder.EclipseLogger - Copying 0 resource
2020-08-26 16:21:20,085 [Worker-88: Building] WARN  o.e.m.c.i.embedder.EclipseLogger - Using platform encoding (Cp1252 actually) to copy filtered resources, i.e. build is platform dependent!
2020-08-26 16:21:20,087 [Worker-88: Building] INFO  o.e.m.c.i.embedder.EclipseLogger - Copying 0 resource
2020-08-26 16:21:35,518 [Worker-81: Building] WARN  o.e.m.c.i.embedder.EclipseLogger - Using platform encoding (Cp1252 actually) to copy filtered resources, i.e. build is platform dependent!
2020-08-26 16:21:35,520 [Worker-81: Building] INFO  o.e.m.c.i.embedder.EclipseLogger - Copying 0 resource
2020-08-26 16:21:35,521 [Worker-81: Building] WARN  o.e.m.c.i.embedder.EclipseLogger - Using platform encoding (Cp1252 actually) to copy filtered resources, i.e. build is platform dependent!
2020-08-26 16:21:35,522 [Worker-81: Building] INFO  o.e.m.c.i.embedder.EclipseLogger - Copying 0 resource
2020-08-26 16:22:25,401 [Worker-85: Building] WARN  o.e.m.c.i.embedder.EclipseLogger - Using platform encoding (Cp1252 actually) to copy filtered resources, i.e. build is platform dependent!
2020-08-26 16:22:25,403 [Worker-85: Building] INFO  o.e.m.c.i.embedder.EclipseLogger - Copying 0 resource
2020-08-26 16:22:25,420 [Worker-85: Building] WARN  o.e.m.c.i.embedder.EclipseLogger - Using platform encoding (Cp1252 actually) to copy filtered resources, i.e. build is platform dependent!
2020-08-26 16:22:25,421 [Worker-85: Building] INFO  o.e.m.c.i.embedder.EclipseLogger - Copying 0 resource
2020-08-26 16:36:07,647 [Worker-85: Building] WARN  o.e.m.c.i.embedder.EclipseLogger - Using platform encoding (Cp1252 actually) to copy filtered resources, i.e. build is platform dependent!
2020-08-26 16:36:07,649 [Worker-85: Building] INFO  o.e.m.c.i.embedder.EclipseLogger - Copying 0 resource
2020-08-26 16:36:07,650 [Worker-85: Building] WARN  o.e.m.c.i.embedder.EclipseLogger - Using platform encoding (Cp1252 actually) to copy filtered resources, i.e. build is platform dependent!
2020-08-26 16:36:07,651 [Worker-85: Building] INFO  o.e.m.c.i.embedder.EclipseLogger - Copying 0 resource
2020-08-26 16:38:43,825 [Worker-91: Building] WARN  o.e.m.c.i.embedder.EclipseLogger - Using platform encoding (Cp1252 actually) to copy filtered resources, i.e. build is platform dependent!
2020-08-26 16:38:43,829 [Worker-91: Building] INFO  o.e.m.c.i.embedder.EclipseLogger - Copying 0 resource
2020-08-26 16:38:43,830 [Worker-91: Building] WARN  o.e.m.c.i.embedder.EclipseLogger - Using platform encoding (Cp1252 actually) to copy filtered resources, i.e. build is platform dependent!
2020-08-26 16:38:43,832 [Worker-91: Building] INFO  o.e.m.c.i.embedder.EclipseLogger - Copying 0 resource
2020-08-26 16:44:07,083 [Worker-85: Building] WARN  o.e.m.c.i.embedder.EclipseLogger - Using platform encoding (Cp1252 actually) to copy filtered resources, i.e. build is platform dependent!
2020-08-26 16:44:07,085 [Worker-85: Building] INFO  o.e.m.c.i.embedder.EclipseLogger - Copying 0 resource
2020-08-26 16:44:07,086 [Worker-85: Building] WARN  o.e.m.c.i.embedder.EclipseLogger - Using platform encoding (Cp1252 actually) to copy filtered resources, i.e. build is platform dependent!
2020-08-26 16:44:07,087 [Worker-85: Building] INFO  o.e.m.c.i.embedder.EclipseLogger - Copying 0 resource
2020-08-26 16:44:20,551 [Worker-95: Building] WARN  o.e.m.c.i.embedder.EclipseLogger - Using platform encoding (Cp1252 actually) to copy filtered resources, i.e. build is platform dependent!
2020-08-26 16:44:20,553 [Worker-95: Building] INFO  o.e.m.c.i.embedder.EclipseLogger - Copying 0 resource
2020-08-26 16:44:20,554 [Worker-95: Building] WARN  o.e.m.c.i.embedder.EclipseLogger - Using platform encoding (Cp1252 actually) to copy filtered resources, i.e. build is platform dependent!
2020-08-26 16:44:20,555 [Worker-95: Building] INFO  o.e.m.c.i.embedder.EclipseLogger - Copying 0 resource
2020-08-26 16:44:45,672 [Worker-89: Building] WARN  o.e.m.c.i.embedder.EclipseLogger - Using platform encoding (Cp1252 actually) to copy filtered resources, i.e. build is platform dependent!
2020-08-26 16:44:45,675 [Worker-89: Building] INFO  o.e.m.c.i.embedder.EclipseLogger - Copying 0 resource
2020-08-26 16:44:45,675 [Worker-89: Building] WARN  o.e.m.c.i.embedder.EclipseLogger - Using platform encoding (Cp1252 actually) to copy filtered resources, i.e. build is platform dependent!
2020-08-26 16:44:45,677 [Worker-89: Building] INFO  o.e.m.c.i.embedder.EclipseLogger - Copying 0 resource
2020-08-26 20:32:18,193 [Worker-4: Loading available Gradle versions] INFO  o.e.b.c.i.u.g.PublishedGradleVersions - Gradle version information cache is up-to-date. Trying to read.
2020-08-26 20:51:58,170 [Worker-5: Loading available Gradle versions] INFO  o.e.b.c.i.u.g.PublishedGradleVersions - Gradle version information cache is up-to-date. Trying to read.
2020-08-26 21:06:58,309 [Worker-1: Loading available Gradle versions] INFO  o.e.b.c.i.u.g.PublishedGradleVersions - Gradle version information cache is up-to-date. Trying to read.
2020-08-26 21:08:52,379 [Worker-5: Loading available Gradle versions] INFO  o.e.b.c.i.u.g.PublishedGradleVersions - Gradle version information cache is up-to-date. Trying to read.
2020-08-26 21:10:43,993 [Worker-4: Loading available Gradle versions] INFO  o.e.b.c.i.u.g.PublishedGradleVersions - Gradle version information cache is up-to-date. Trying to read.
2020-08-26 21:14:02,186 [Worker-5: Loading available Gradle versions] INFO  o.e.b.c.i.u.g.PublishedGradleVersions - Gradle version information cache is up-to-date. Trying to read.
2020-08-26 21:14:10,064 [Worker-0: Building] INFO  o.e.m.c.i.l.LifecycleMappingFactory - Using org.eclipse.m2e.jdt.JarLifecycleMapping lifecycle mapping for MavenProject: com.revature.bank:SovereignBank:0.0.1-SNAPSHOT @ C:\Users\Taylor Steffan\Documents\workspace-spring-tool-suite-4-4.7.1.RELEASE\SovereignBank\pom.xml.
2020-08-26 21:14:10,992 [Worker-0: Building] WARN  o.e.m.c.i.embedder.EclipseLogger - Using platform encoding (Cp1252 actually) to copy filtered resources, i.e. build is platform dependent!
2020-08-26 21:14:10,995 [Worker-0: Building] INFO  o.e.m.c.i.embedder.EclipseLogger - skip non existing resourceDirectory C:\Users\Taylor Steffan\Documents\workspace-spring-tool-suite-4-4.7.1.RELEASE\SovereignBank\src\main\resources
2020-08-26 21:14:10,998 [Worker-0: Building] WARN  o.e.m.c.i.embedder.EclipseLogger - Using platform encoding (Cp1252 actually) to copy filtered resources, i.e. build is platform dependent!
2020-08-26 21:14:10,999 [Worker-0: Building] INFO  o.e.m.c.i.embedder.EclipseLogger - skip non existing resourceDirectory C:\Users\Taylor Steffan\Documents\workspace-spring-tool-suite-4-4.7.1.RELEASE\SovereignBank\src\test\resources
2020-08-26 21:14:11,763 [Worker-2: Updating Maven Dependencies] INFO  o.e.m.c.i.l.LifecycleMappingFactory - Using org.eclipse.m2e.jdt.JarLifecycleMapping lifecycle mapping for MavenProject: com.revature.bank:SovereignBank:0.0.1-SNAPSHOT @ C:\Users\Taylor Steffan\Documents\workspace-spring-tool-suite-4-4.7.1.RELEASE\SovereignBank\pom.xml.
2020-08-26 21:14:12,708 [Worker-6: Building] WARN  o.e.m.c.i.embedder.EclipseLogger - Using platform encoding (Cp1252 actually) to copy filtered resources, i.e. build is platform dependent!
2020-08-26 21:14:12,710 [Worker-6: Building] INFO  o.e.m.c.i.embedder.EclipseLogger - skip non existing resourceDirectory C:\Users\Taylor Steffan\Documents\workspace-spring-tool-suite-4-4.7.1.RELEASE\SovereignBank\src\main\resources
2020-08-26 21:14:12,713 [Worker-6: Building] WARN  o.e.m.c.i.embedder.EclipseLogger - Using platform encoding (Cp1252 actually) to copy filtered resources, i.e. build is platform dependent!
2020-08-26 21:14:12,714 [Worker-6: Building] INFO  o.e.m.c.i.embedder.EclipseLogger - skip non existing resourceDirectory C:\Users\Taylor Steffan\Documents\workspace-spring-tool-suite-4-4.7.1.RELEASE\SovereignBank\src\test\resources
2020-08-26 21:31:42,818 [Worker-12: Building] WARN  o.e.m.c.i.embedder.EclipseLogger - Using platform encoding (Cp1252 actually) to copy filtered resources, i.e. build is platform dependent!
2020-08-26 21:31:42,823 [Worker-12: Building] INFO  o.e.m.c.i.embedder.EclipseLogger - skip non existing resourceDirectory C:\Users\Taylor Steffan\Documents\workspace-spring-tool-suite-4-4.7.1.RELEASE\SovereignBank\src\main\resources
2020-08-26 21:31:42,825 [Worker-12: Building] WARN  o.e.m.c.i.embedder.EclipseLogger - Using platform encoding (Cp1252 actually) to copy filtered resources, i.e. build is platform dependent!
2020-08-26 21:31:42,826 [Worker-12: Building] INFO  o.e.m.c.i.embedder.EclipseLogger - skip non existing resourceDirectory C:\Users\Taylor Steffan\Documents\workspace-spring-tool-suite-4-4.7.1.RELEASE\SovereignBank\src\test\resources
2020-08-26 21:32:41,172 [Worker-9: Building] WARN  o.e.m.c.i.embedder.EclipseLogger - Using platform encoding (Cp1252 actually) to copy filtered resources, i.e. build is platform dependent!
2020-08-26 21:32:41,173 [Worker-9: Building] INFO  o.e.m.c.i.embedder.EclipseLogger - skip non existing resourceDirectory C:\Users\Taylor Steffan\Documents\workspace-spring-tool-suite-4-4.7.1.RELEASE\SovereignBank\src\main\resources
2020-08-26 21:32:41,175 [Worker-9: Building] WARN  o.e.m.c.i.embedder.EclipseLogger - Using platform encoding (Cp1252 actually) to copy filtered resources, i.e. build is platform dependent!
2020-08-26 21:32:41,176 [Worker-9: Building] INFO  o.e.m.c.i.embedder.EclipseLogger - skip non existing resourceDirectory C:\Users\Taylor Steffan\Documents\workspace-spring-tool-suite-4-4.7.1.RELEASE\SovereignBank\src\test\resources
2020-08-26 21:33:27,003 [Worker-14: Building] WARN  o.e.m.c.i.embedder.EclipseLogger - Using platform encoding (Cp1252 actually) to copy filtered resources, i.e. build is platform dependent!
2020-08-26 21:33:27,009 [Worker-14: Building] INFO  o.e.m.c.i.embedder.EclipseLogger - skip non existing resourceDirectory C:\Users\Taylor Steffan\Documents\workspace-spring-tool-suite-4-4.7.1.RELEASE\SovereignBank\src\main\resources
2020-08-26 21:33:27,010 [Worker-14: Building] WARN  o.e.m.c.i.embedder.EclipseLogger - Using platform encoding (Cp1252 actually) to copy filtered resources, i.e. build is platform dependent!
2020-08-26 21:33:27,012 [Worker-14: Building] INFO  o.e.m.c.i.embedder.EclipseLogger - skip non existing resourceDirectory C:\Users\Taylor Steffan\Documents\workspace-spring-tool-suite-4-4.7.1.RELEASE\SovereignBank\src\test\resources
2020-08-26 21:40:23,015 [Worker-9: Building] WARN  o.e.m.c.i.embedder.EclipseLogger - Using platform encoding (Cp1252 actually) to copy filtered resources, i.e. build is platform dependent!
2020-08-26 21:40:23,019 [Worker-9: Building] INFO  o.e.m.c.i.embedder.EclipseLogger - skip non existing resourceDirectory C:\Users\Taylor Steffan\Documents\workspace-spring-tool-suite-4-4.7.1.RELEASE\SovereignBank\src\main\resources
2020-08-26 21:40:23,021 [Worker-9: Building] WARN  o.e.m.c.i.embedder.EclipseLogger - Using platform encoding (Cp1252 actually) to copy filtered resources, i.e. build is platform dependent!
2020-08-26 21:40:23,023 [Worker-9: Building] INFO  o.e.m.c.i.embedder.EclipseLogger - skip non existing resourceDirectory C:\Users\Taylor Steffan\Documents\workspace-spring-tool-suite-4-4.7.1.RELEASE\SovereignBank\src\test\resources
2020-08-26 21:40:29,985 [Worker-15: Building] WARN  o.e.m.c.i.embedder.EclipseLogger - Using platform encoding (Cp1252 actually) to copy filtered resources, i.e. build is platform dependent!
2020-08-26 21:40:29,987 [Worker-15: Building] INFO  o.e.m.c.i.embedder.EclipseLogger - skip non existing resourceDirectory C:\Users\Taylor Steffan\Documents\workspace-spring-tool-suite-4-4.7.1.RELEASE\SovereignBank\src\main\resources
2020-08-26 21:40:29,988 [Worker-15: Building] WARN  o.e.m.c.i.embedder.EclipseLogger - Using platform encoding (Cp1252 actually) to copy filtered resources, i.e. build is platform dependent!
2020-08-26 21:40:29,989 [Worker-15: Building] INFO  o.e.m.c.i.embedder.EclipseLogger - skip non existing resourceDirectory C:\Users\Taylor Steffan\Documents\workspace-spring-tool-suite-4-4.7.1.RELEASE\SovereignBank\src\test\resources
2020-08-26 21:42:41,664 [Worker-14: Building] WARN  o.e.m.c.i.embedder.EclipseLogger - Using platform encoding (Cp1252 actually) to copy filtered resources, i.e. build is platform dependent!
2020-08-26 21:42:41,665 [Worker-14: Building] INFO  o.e.m.c.i.embedder.EclipseLogger - skip non existing resourceDirectory C:\Users\Taylor Steffan\Documents\workspace-spring-tool-suite-4-4.7.1.RELEASE\SovereignBank\src\main\resources
2020-08-26 21:42:41,666 [Worker-14: Building] WARN  o.e.m.c.i.embedder.EclipseLogger - Using platform encoding (Cp1252 actually) to copy filtered resources, i.e. build is platform dependent!
2020-08-26 21:42:41,666 [Worker-14: Building] INFO  o.e.m.c.i.embedder.EclipseLogger - skip non existing resourceDirectory C:\Users\Taylor Steffan\Documents\workspace-spring-tool-suite-4-4.7.1.RELEASE\SovereignBank\src\test\resources
2020-08-26 22:00:46,956 [Worker-13: Building] WARN  o.e.m.c.i.embedder.EclipseLogger - Using platform encoding (Cp1252 actually) to copy filtered resources, i.e. build is platform dependent!
2020-08-26 22:00:46,957 [Worker-13: Building] INFO  o.e.m.c.i.embedder.EclipseLogger - skip non existing resourceDirectory C:\Users\Taylor Steffan\Documents\workspace-spring-tool-suite-4-4.7.1.RELEASE\SovereignBank\src\main\resources
2020-08-26 22:00:46,960 [Worker-13: Building] WARN  o.e.m.c.i.embedder.EclipseLogger - Using platform encoding (Cp1252 actually) to copy filtered resources, i.e. build is platform dependent!
2020-08-26 22:00:46,961 [Worker-13: Building] INFO  o.e.m.c.i.embedder.EclipseLogger - skip non existing resourceDirectory C:\Users\Taylor Steffan\Documents\workspace-spring-tool-suite-4-4.7.1.RELEASE\SovereignBank\src\test\resources
2020-08-26 22:01:09,839 [Worker-20: Updating Maven Project] INFO  o.e.m.c.i.p.ProjectConfigurationManager - Update started
2020-08-26 22:01:10,261 [Worker-20: Updating Maven Project] INFO  o.e.m.c.i.l.LifecycleMappingFactory - Using org.eclipse.m2e.jdt.JarLifecycleMapping lifecycle mapping for MavenProject: com.revature.bank:SovereignBank:0.0.1-SNAPSHOT @ C:\Users\Taylor Steffan\Documents\workspace-spring-tool-suite-4-4.7.1.RELEASE\SovereignBank\pom.xml.
2020-08-26 22:01:10,428 [Worker-20: Updating Maven Project] INFO  o.e.m.j.i.AbstractJavaProjectConfigurator - Adding source folder /SovereignBank/src/main/java
2020-08-26 22:01:10,429 [Worker-20: Updating Maven Project] INFO  o.e.m.j.i.AbstractJavaProjectConfigurator - Adding source folder /SovereignBank/src/test/java
2020-08-26 22:01:10,644 [Worker-20: Updating Maven Project] INFO  o.e.m.c.i.p.ProjectConfigurationManager - Update completed: 0 sec
2020-08-26 22:01:10,960 [Worker-23: Building] WARN  o.e.m.c.i.embedder.EclipseLogger - Using platform encoding (Cp1252 actually) to copy filtered resources, i.e. build is platform dependent!
2020-08-26 22:01:10,963 [Worker-23: Building] INFO  o.e.m.c.i.embedder.EclipseLogger - skip non existing resourceDirectory C:\Users\Taylor Steffan\Documents\workspace-spring-tool-suite-4-4.7.1.RELEASE\SovereignBank\src\main\resources
2020-08-26 22:01:10,965 [Worker-23: Building] WARN  o.e.m.c.i.embedder.EclipseLogger - Using platform encoding (Cp1252 actually) to copy filtered resources, i.e. build is platform dependent!
2020-08-26 22:01:10,967 [Worker-23: Building] INFO  o.e.m.c.i.embedder.EclipseLogger - skip non existing resourceDirectory C:\Users\Taylor Steffan\Documents\workspace-spring-tool-suite-4-4.7.1.RELEASE\SovereignBank\src\test\resources
2020-08-26 22:01:24,137 [Worker-23: Building] WARN  o.e.m.c.i.embedder.EclipseLogger - Using platform encoding (Cp1252 actually) to copy filtered resources, i.e. build is platform dependent!
2020-08-26 22:01:24,139 [Worker-23: Building] INFO  o.e.m.c.i.embedder.EclipseLogger - skip non existing resourceDirectory C:\Users\Taylor Steffan\Documents\workspace-spring-tool-suite-4-4.7.1.RELEASE\SovereignBank\src\main\resources
2020-08-26 22:01:24,140 [Worker-23: Building] WARN  o.e.m.c.i.embedder.EclipseLogger - Using platform encoding (Cp1252 actually) to copy filtered resources, i.e. build is platform dependent!
2020-08-26 22:01:24,142 [Worker-23: Building] INFO  o.e.m.c.i.embedder.EclipseLogger - skip non existing resourceDirectory C:\Users\Taylor Steffan\Documents\workspace-spring-tool-suite-4-4.7.1.RELEASE\SovereignBank\src\test\resources
2020-08-26 22:02:03,460 [Worker-24: Building] WARN  o.e.m.c.i.embedder.EclipseLogger - Using platform encoding (Cp1252 actually) to copy filtered resources, i.e. build is platform dependent!
2020-08-26 22:02:03,462 [Worker-24: Building] INFO  o.e.m.c.i.embedder.EclipseLogger - skip non existing resourceDirectory C:\Users\Taylor Steffan\Documents\workspace-spring-tool-suite-4-4.7.1.RELEASE\SovereignBank\src\main\resources
2020-08-26 22:02:03,463 [Worker-24: Building] WARN  o.e.m.c.i.embedder.EclipseLogger - Using platform encoding (Cp1252 actually) to copy filtered resources, i.e. build is platform dependent!
2020-08-26 22:02:03,464 [Worker-24: Building] INFO  o.e.m.c.i.embedder.EclipseLogger - skip non existing resourceDirectory C:\Users\Taylor Steffan\Documents\workspace-spring-tool-suite-4-4.7.1.RELEASE\SovereignBank\src\test\resources
2020-08-26 22:02:36,644 [Worker-25: Building] WARN  o.e.m.c.i.embedder.EclipseLogger - Using platform encoding (Cp1252 actually) to copy filtered resources, i.e. build is platform dependent!
2020-08-26 22:02:36,646 [Worker-25: Building] INFO  o.e.m.c.i.embedder.EclipseLogger - skip non existing resourceDirectory C:\Users\Taylor Steffan\Documents\workspace-spring-tool-suite-4-4.7.1.RELEASE\SovereignBank\src\main\resources
2020-08-26 22:02:36,647 [Worker-25: Building] WARN  o.e.m.c.i.embedder.EclipseLogger - Using platform encoding (Cp1252 actually) to copy filtered resources, i.e. build is platform dependent!
2020-08-26 22:02:36,648 [Worker-25: Building] INFO  o.e.m.c.i.embedder.EclipseLogger - skip non existing resourceDirectory C:\Users\Taylor Steffan\Documents\workspace-spring-tool-suite-4-4.7.1.RELEASE\SovereignBank\src\test\resources
2020-08-26 22:23:23,954 [Worker-27: Building] WARN  o.e.m.c.i.embedder.EclipseLogger - Using platform encoding (Cp1252 actually) to copy filtered resources, i.e. build is platform dependent!
2020-08-26 22:23:23,956 [Worker-27: Building] INFO  o.e.m.c.i.embedder.EclipseLogger - skip non existing resourceDirectory C:\Users\Taylor Steffan\Documents\workspace-spring-tool-suite-4-4.7.1.RELEASE\SovereignBank\src\main\resources
2020-08-26 22:23:23,957 [Worker-27: Building] WARN  o.e.m.c.i.embedder.EclipseLogger - Using platform encoding (Cp1252 actually) to copy filtered resources, i.e. build is platform dependent!
2020-08-26 22:23:23,958 [Worker-27: Building] INFO  o.e.m.c.i.embedder.EclipseLogger - skip non existing resourceDirectory C:\Users\Taylor Steffan\Documents\workspace-spring-tool-suite-4-4.7.1.RELEASE\SovereignBank\src\test\resources
2020-08-26 22:29:52,945 [Worker-29: Building] WARN  o.e.m.c.i.embedder.EclipseLogger - Using platform encoding (Cp1252 actually) to copy filtered resources, i.e. build is platform dependent!
2020-08-26 22:29:52,947 [Worker-29: Building] INFO  o.e.m.c.i.embedder.EclipseLogger - skip non existing resourceDirectory C:\Users\Taylor Steffan\Documents\workspace-spring-tool-suite-4-4.7.1.RELEASE\SovereignBank\src\main\resources
2020-08-26 22:29:52,948 [Worker-29: Building] WARN  o.e.m.c.i.embedder.EclipseLogger - Using platform encoding (Cp1252 actually) to copy filtered resources, i.e. build is platform dependent!
2020-08-26 22:29:52,950 [Worker-29: Building] INFO  o.e.m.c.i.embedder.EclipseLogger - skip non existing resourceDirectory C:\Users\Taylor Steffan\Documents\workspace-spring-tool-suite-4-4.7.1.RELEASE\SovereignBank\src\test\resources
2020-08-26 22:34:53,996 [Worker-29: Building] WARN  o.e.m.c.i.embedder.EclipseLogger - Using platform encoding (Cp1252 actually) to copy filtered resources, i.e. build is platform dependent!
2020-08-26 22:34:53,998 [Worker-29: Building] INFO  o.e.m.c.i.embedder.EclipseLogger - skip non existing resourceDirectory C:\Users\Taylor Steffan\Documents\workspace-spring-tool-suite-4-4.7.1.RELEASE\SovereignBank\src\main\resources
2020-08-26 22:34:53,999 [Worker-29: Building] WARN  o.e.m.c.i.embedder.EclipseLogger - Using platform encoding (Cp1252 actually) to copy filtered resources, i.e. build is platform dependent!
2020-08-26 22:34:54,000 [Worker-29: Building] INFO  o.e.m.c.i.embedder.EclipseLogger - skip non existing resourceDirectory C:\Users\Taylor Steffan\Documents\workspace-spring-tool-suite-4-4.7.1.RELEASE\SovereignBank\src\test\resources
2020-08-26 22:35:14,159 [Worker-27: Building] WARN  o.e.m.c.i.embedder.EclipseLogger - Using platform encoding (Cp1252 actually) to copy filtered resources, i.e. build is platform dependent!
2020-08-26 22:35:14,160 [Worker-27: Building] INFO  o.e.m.c.i.embedder.EclipseLogger - skip non existing resourceDirectory C:\Users\Taylor Steffan\Documents\workspace-spring-tool-suite-4-4.7.1.RELEASE\SovereignBank\src\main\resources
2020-08-26 22:35:14,163 [Worker-27: Building] WARN  o.e.m.c.i.embedder.EclipseLogger - Using platform encoding (Cp1252 actually) to copy filtered resources, i.e. build is platform dependent!
2020-08-26 22:35:14,164 [Worker-27: Building] INFO  o.e.m.c.i.embedder.EclipseLogger - skip non existing resourceDirectory C:\Users\Taylor Steffan\Documents\workspace-spring-tool-suite-4-4.7.1.RELEASE\SovereignBank\src\test\resources
2020-08-26 22:35:27,651 [Worker-30: Building] WARN  o.e.m.c.i.embedder.EclipseLogger - Using platform encoding (Cp1252 actually) to copy filtered resources, i.e. build is platform dependent!
2020-08-26 22:35:27,652 [Worker-30: Building] INFO  o.e.m.c.i.embedder.EclipseLogger - skip non existing resourceDirectory C:\Users\Taylor Steffan\Documents\workspace-spring-tool-suite-4-4.7.1.RELEASE\SovereignBank\src\main\resources
2020-08-26 22:35:27,654 [Worker-30: Building] WARN  o.e.m.c.i.embedder.EclipseLogger - Using platform encoding (Cp1252 actually) to copy filtered resources, i.e. build is platform dependent!
2020-08-26 22:35:27,656 [Worker-30: Building] INFO  o.e.m.c.i.embedder.EclipseLogger - skip non existing resourceDirectory C:\Users\Taylor Steffan\Documents\workspace-spring-tool-suite-4-4.7.1.RELEASE\SovereignBank\src\test\resources
2020-08-26 22:35:31,625 [Worker-29: Building] WARN  o.e.m.c.i.embedder.EclipseLogger - Using platform encoding (Cp1252 actually) to copy filtered resources, i.e. build is platform dependent!
2020-08-26 22:35:31,626 [Worker-29: Building] INFO  o.e.m.c.i.embedder.EclipseLogger - skip non existing resourceDirectory C:\Users\Taylor Steffan\Documents\workspace-spring-tool-suite-4-4.7.1.RELEASE\SovereignBank\src\main\resources
2020-08-26 22:35:31,627 [Worker-29: Building] WARN  o.e.m.c.i.embedder.EclipseLogger - Using platform encoding (Cp1252 actually) to copy filtered resources, i.e. build is platform dependent!
2020-08-26 22:35:31,628 [Worker-29: Building] INFO  o.e.m.c.i.embedder.EclipseLogger - skip non existing resourceDirectory C:\Users\Taylor Steffan\Documents\workspace-spring-tool-suite-4-4.7.1.RELEASE\SovereignBank\src\test\resources
2020-08-26 22:37:42,984 [Worker-32: Building] WARN  o.e.m.c.i.embedder.EclipseLogger - Using platform encoding (Cp1252 actually) to copy filtered resources, i.e. build is platform dependent!
2020-08-26 22:37:42,986 [Worker-32: Building] INFO  o.e.m.c.i.embedder.EclipseLogger - skip non existing resourceDirectory C:\Users\Taylor Steffan\Documents\workspace-spring-tool-suite-4-4.7.1.RELEASE\SovereignBank\src\main\resources
2020-08-26 22:37:42,987 [Worker-32: Building] WARN  o.e.m.c.i.embedder.EclipseLogger - Using platform encoding (Cp1252 actually) to copy filtered resources, i.e. build is platform dependent!
2020-08-26 22:37:42,988 [Worker-32: Building] INFO  o.e.m.c.i.embedder.EclipseLogger - skip non existing resourceDirectory C:\Users\Taylor Steffan\Documents\workspace-spring-tool-suite-4-4.7.1.RELEASE\SovereignBank\src\test\resources
2020-08-26 22:37:57,160 [Worker-27: Building] WARN  o.e.m.c.i.embedder.EclipseLogger - Using platform encoding (Cp1252 actually) to copy filtered resources, i.e. build is platform dependent!
2020-08-26 22:37:57,162 [Worker-27: Building] INFO  o.e.m.c.i.embedder.EclipseLogger - skip non existing resourceDirectory C:\Users\Taylor Steffan\Documents\workspace-spring-tool-suite-4-4.7.1.RELEASE\SovereignBank\src\main\resources
2020-08-26 22:37:57,163 [Worker-27: Building] WARN  o.e.m.c.i.embedder.EclipseLogger - Using platform encoding (Cp1252 actually) to copy filtered resources, i.e. build is platform dependent!
2020-08-26 22:37:57,164 [Worker-27: Building] INFO  o.e.m.c.i.embedder.EclipseLogger - skip non existing resourceDirectory C:\Users\Taylor Steffan\Documents\workspace-spring-tool-suite-4-4.7.1.RELEASE\SovereignBank\src\test\resources
2020-08-26 22:45:15,584 [Worker-34: Building] WARN  o.e.m.c.i.embedder.EclipseLogger - Using platform encoding (Cp1252 actually) to copy filtered resources, i.e. build is platform dependent!
2020-08-26 22:45:15,587 [Worker-34: Building] INFO  o.e.m.c.i.embedder.EclipseLogger - skip non existing resourceDirectory C:\Users\Taylor Steffan\Documents\workspace-spring-tool-suite-4-4.7.1.RELEASE\SovereignBank\src\main\resources
2020-08-26 22:45:15,588 [Worker-34: Building] WARN  o.e.m.c.i.embedder.EclipseLogger - Using platform encoding (Cp1252 actually) to copy filtered resources, i.e. build is platform dependent!
2020-08-26 22:45:15,590 [Worker-34: Building] INFO  o.e.m.c.i.embedder.EclipseLogger - skip non existing resourceDirectory C:\Users\Taylor Steffan\Documents\workspace-spring-tool-suite-4-4.7.1.RELEASE\SovereignBank\src\test\resources
2020-08-26 22:45:19,931 [Worker-34: Building] WARN  o.e.m.c.i.embedder.EclipseLogger - Using platform encoding (Cp1252 actually) to copy filtered resources, i.e. build is platform dependent!
2020-08-26 22:45:19,932 [Worker-34: Building] INFO  o.e.m.c.i.embedder.EclipseLogger - skip non existing resourceDirectory C:\Users\Taylor Steffan\Documents\workspace-spring-tool-suite-4-4.7.1.RELEASE\SovereignBank\src\main\resources
2020-08-26 22:45:19,933 [Worker-34: Building] WARN  o.e.m.c.i.embedder.EclipseLogger - Using platform encoding (Cp1252 actually) to copy filtered resources, i.e. build is platform dependent!
2020-08-26 22:45:19,934 [Worker-34: Building] INFO  o.e.m.c.i.embedder.EclipseLogger - skip non existing resourceDirectory C:\Users\Taylor Steffan\Documents\workspace-spring-tool-suite-4-4.7.1.RELEASE\SovereignBank\src\test\resources
2020-08-26 22:48:19,224 [Worker-35: Building] WARN  o.e.m.c.i.embedder.EclipseLogger - Using platform encoding (Cp1252 actually) to copy filtered resources, i.e. build is platform dependent!
2020-08-26 22:48:19,226 [Worker-35: Building] INFO  o.e.m.c.i.embedder.EclipseLogger - skip non existing resourceDirectory C:\Users\Taylor Steffan\Documents\workspace-spring-tool-suite-4-4.7.1.RELEASE\SovereignBank\src\main\resources
2020-08-26 22:48:19,227 [Worker-35: Building] WARN  o.e.m.c.i.embedder.EclipseLogger - Using platform encoding (Cp1252 actually) to copy filtered resources, i.e. build is platform dependent!
2020-08-26 22:48:19,228 [Worker-35: Building] INFO  o.e.m.c.i.embedder.EclipseLogger - skip non existing resourceDirectory C:\Users\Taylor Steffan\Documents\workspace-spring-tool-suite-4-4.7.1.RELEASE\SovereignBank\src\test\resources
2020-08-26 22:51:56,876 [Worker-39: Building] WARN  o.e.m.c.i.embedder.EclipseLogger - Using platform encoding (Cp1252 actually) to copy filtered resources, i.e. build is platform dependent!
2020-08-26 22:51:56,879 [Worker-39: Building] INFO  o.e.m.c.i.embedder.EclipseLogger - skip non existing resourceDirectory C:\Users\Taylor Steffan\Documents\workspace-spring-tool-suite-4-4.7.1.RELEASE\SovereignBank\src\main\resources
2020-08-26 22:51:56,881 [Worker-39: Building] WARN  o.e.m.c.i.embedder.EclipseLogger - Using platform encoding (Cp1252 actually) to copy filtered resources, i.e. build is platform dependent!
2020-08-26 22:51:56,883 [Worker-39: Building] INFO  o.e.m.c.i.embedder.EclipseLogger - skip non existing resourceDirectory C:\Users\Taylor Steffan\Documents\workspace-spring-tool-suite-4-4.7.1.RELEASE\SovereignBank\src\test\resources
2020-08-26 22:52:13,549 [Worker-38: Building] WARN  o.e.m.c.i.embedder.EclipseLogger - Using platform encoding (Cp1252 actually) to copy filtered resources, i.e. build is platform dependent!
2020-08-26 22:52:13,551 [Worker-38: Building] INFO  o.e.m.c.i.embedder.EclipseLogger - skip non existing resourceDirectory C:\Users\Taylor Steffan\Documents\workspace-spring-tool-suite-4-4.7.1.RELEASE\SovereignBank\src\main\resources
2020-08-26 22:52:13,552 [Worker-38: Building] WARN  o.e.m.c.i.embedder.EclipseLogger - Using platform encoding (Cp1252 actually) to copy filtered resources, i.e. build is platform dependent!
2020-08-26 22:52:13,553 [Worker-38: Building] INFO  o.e.m.c.i.embedder.EclipseLogger - skip non existing resourceDirectory C:\Users\Taylor Steffan\Documents\workspace-spring-tool-suite-4-4.7.1.RELEASE\SovereignBank\src\test\resources
2020-08-26 23:02:14,350 [Worker-44: Building] WARN  o.e.m.c.i.embedder.EclipseLogger - Using platform encoding (Cp1252 actually) to copy filtered resources, i.e. build is platform dependent!
2020-08-26 23:02:14,351 [Worker-44: Building] INFO  o.e.m.c.i.embedder.EclipseLogger - skip non existing resourceDirectory C:\Users\Taylor Steffan\Documents\workspace-spring-tool-suite-4-4.7.1.RELEASE\SovereignBank\src\main\resources
2020-08-26 23:02:14,352 [Worker-44: Building] WARN  o.e.m.c.i.embedder.EclipseLogger - Using platform encoding (Cp1252 actually) to copy filtered resources, i.e. build is platform dependent!
2020-08-26 23:02:14,353 [Worker-44: Building] INFO  o.e.m.c.i.embedder.EclipseLogger - skip non existing resourceDirectory C:\Users\Taylor Steffan\Documents\workspace-spring-tool-suite-4-4.7.1.RELEASE\SovereignBank\src\test\resources
2020-08-26 23:05:15,954 [Worker-45: Launching Driver] WARN  o.e.m.c.i.embedder.EclipseLogger - Using platform encoding (Cp1252 actually) to copy filtered resources, i.e. build is platform dependent!
2020-08-26 23:05:15,955 [Worker-45: Launching Driver] INFO  o.e.m.c.i.embedder.EclipseLogger - skip non existing resourceDirectory C:\Users\Taylor Steffan\Documents\workspace-spring-tool-suite-4-4.7.1.RELEASE\SovereignBank\src\main\resources
2020-08-26 23:05:15,956 [Worker-45: Launching Driver] WARN  o.e.m.c.i.embedder.EclipseLogger - Using platform encoding (Cp1252 actually) to copy filtered resources, i.e. build is platform dependent!
2020-08-26 23:05:15,958 [Worker-45: Launching Driver] INFO  o.e.m.c.i.embedder.EclipseLogger - skip non existing resourceDirectory C:\Users\Taylor Steffan\Documents\workspace-spring-tool-suite-4-4.7.1.RELEASE\SovereignBank\src\test\resources
2020-08-26 23:05:34,236 [Worker-47: Building] WARN  o.e.m.c.i.embedder.EclipseLogger - Using platform encoding (Cp1252 actually) to copy filtered resources, i.e. build is platform dependent!
2020-08-26 23:05:34,237 [Worker-47: Building] INFO  o.e.m.c.i.embedder.EclipseLogger - skip non existing resourceDirectory C:\Users\Taylor Steffan\Documents\workspace-spring-tool-suite-4-4.7.1.RELEASE\SovereignBank\src\main\resources
2020-08-26 23:05:34,239 [Worker-47: Building] WARN  o.e.m.c.i.embedder.EclipseLogger - Using platform encoding (Cp1252 actually) to copy filtered resources, i.e. build is platform dependent!
2020-08-26 23:05:34,240 [Worker-47: Building] INFO  o.e.m.c.i.embedder.EclipseLogger - skip non existing resourceDirectory C:\Users\Taylor Steffan\Documents\workspace-spring-tool-suite-4-4.7.1.RELEASE\SovereignBank\src\test\resources
2020-08-26 23:09:42,270 [Worker-44: Building] WARN  o.e.m.c.i.embedder.EclipseLogger - Using platform encoding (Cp1252 actually) to copy filtered resources, i.e. build is platform dependent!
2020-08-26 23:09:42,272 [Worker-44: Building] INFO  o.e.m.c.i.embedder.EclipseLogger - skip non existing resourceDirectory C:\Users\Taylor Steffan\Documents\workspace-spring-tool-suite-4-4.7.1.RELEASE\SovereignBank\src\main\resources
2020-08-26 23:09:42,272 [Worker-44: Building] WARN  o.e.m.c.i.embedder.EclipseLogger - Using platform encoding (Cp1252 actually) to copy filtered resources, i.e. build is platform dependent!
2020-08-26 23:09:42,273 [Worker-44: Building] INFO  o.e.m.c.i.embedder.EclipseLogger - skip non existing resourceDirectory C:\Users\Taylor Steffan\Documents\workspace-spring-tool-suite-4-4.7.1.RELEASE\SovereignBank\src\test\resources
2020-08-26 23:10:00,360 [Worker-45: Building] WARN  o.e.m.c.i.embedder.EclipseLogger - Using platform encoding (Cp1252 actually) to copy filtered resources, i.e. build is platform dependent!
2020-08-26 23:10:00,362 [Worker-45: Building] INFO  o.e.m.c.i.embedder.EclipseLogger - skip non existing resourceDirectory C:\Users\Taylor Steffan\Documents\workspace-spring-tool-suite-4-4.7.1.RELEASE\SovereignBank\src\main\resources
2020-08-26 23:10:00,362 [Worker-45: Building] WARN  o.e.m.c.i.embedder.EclipseLogger - Using platform encoding (Cp1252 actually) to copy filtered resources, i.e. build is platform dependent!
2020-08-26 23:10:00,363 [Worker-45: Building] INFO  o.e.m.c.i.embedder.EclipseLogger - skip non existing resourceDirectory C:\Users\Taylor Steffan\Documents\workspace-spring-tool-suite-4-4.7.1.RELEASE\SovereignBank\src\test\resources
2020-08-26 23:10:07,074 [Worker-45: Building] WARN  o.e.m.c.i.embedder.EclipseLogger - Using platform encoding (Cp1252 actually) to copy filtered resources, i.e. build is platform dependent!
2020-08-26 23:10:07,076 [Worker-45: Building] INFO  o.e.m.c.i.embedder.EclipseLogger - skip non existing resourceDirectory C:\Users\Taylor Steffan\Documents\workspace-spring-tool-suite-4-4.7.1.RELEASE\SovereignBank\src\main\resources
2020-08-26 23:10:07,077 [Worker-45: Building] WARN  o.e.m.c.i.embedder.EclipseLogger - Using platform encoding (Cp1252 actually) to copy filtered resources, i.e. build is platform dependent!
2020-08-26 23:10:07,078 [Worker-45: Building] INFO  o.e.m.c.i.embedder.EclipseLogger - skip non existing resourceDirectory C:\Users\Taylor Steffan\Documents\workspace-spring-tool-suite-4-4.7.1.RELEASE\SovereignBank\src\test\resources
2020-08-26 23:10:50,563 [Worker-48: Building] WARN  o.e.m.c.i.embedder.EclipseLogger - Using platform encoding (Cp1252 actually) to copy filtered resources, i.e. build is platform dependent!
2020-08-26 23:10:50,564 [Worker-48: Building] INFO  o.e.m.c.i.embedder.EclipseLogger - skip non existing resourceDirectory C:\Users\Taylor Steffan\Documents\workspace-spring-tool-suite-4-4.7.1.RELEASE\SovereignBank\src\main\resources
2020-08-26 23:10:50,565 [Worker-48: Building] WARN  o.e.m.c.i.embedder.EclipseLogger - Using platform encoding (Cp1252 actually) to copy filtered resources, i.e. build is platform dependent!
2020-08-26 23:10:50,566 [Worker-48: Building] INFO  o.e.m.c.i.embedder.EclipseLogger - skip non existing resourceDirectory C:\Users\Taylor Steffan\Documents\workspace-spring-tool-suite-4-4.7.1.RELEASE\SovereignBank\src\test\resources
2020-08-26 23:11:57,067 [Worker-45: Building] WARN  o.e.m.c.i.embedder.EclipseLogger - Using platform encoding (Cp1252 actually) to copy filtered resources, i.e. build is platform dependent!
2020-08-26 23:11:57,068 [Worker-45: Building] INFO  o.e.m.c.i.embedder.EclipseLogger - skip non existing resourceDirectory C:\Users\Taylor Steffan\Documents\workspace-spring-tool-suite-4-4.7.1.RELEASE\SovereignBank\src\main\resources
2020-08-26 23:11:57,069 [Worker-45: Building] WARN  o.e.m.c.i.embedder.EclipseLogger - Using platform encoding (Cp1252 actually) to copy filtered resources, i.e. build is platform dependent!
2020-08-26 23:11:57,071 [Worker-45: Building] INFO  o.e.m.c.i.embedder.EclipseLogger - skip non existing resourceDirectory C:\Users\Taylor Steffan\Documents\workspace-spring-tool-suite-4-4.7.1.RELEASE\SovereignBank\src\test\resources
2020-08-26 23:12:08,752 [Worker-34: Building] WARN  o.e.m.c.i.embedder.EclipseLogger - Using platform encoding (Cp1252 actually) to copy filtered resources, i.e. build is platform dependent!
2020-08-26 23:12:08,753 [Worker-34: Building] INFO  o.e.m.c.i.embedder.EclipseLogger - skip non existing resourceDirectory C:\Users\Taylor Steffan\Documents\workspace-spring-tool-suite-4-4.7.1.RELEASE\SovereignBank\src\main\resources
2020-08-26 23:12:08,754 [Worker-34: Building] WARN  o.e.m.c.i.embedder.EclipseLogger - Using platform encoding (Cp1252 actually) to copy filtered resources, i.e. build is platform dependent!
2020-08-26 23:12:08,755 [Worker-34: Building] INFO  o.e.m.c.i.embedder.EclipseLogger - skip non existing resourceDirectory C:\Users\Taylor Steffan\Documents\workspace-spring-tool-suite-4-4.7.1.RELEASE\SovereignBank\src\test\resources
2020-08-26 23:12:33,992 [Worker-46: Building] WARN  o.e.m.c.i.embedder.EclipseLogger - Using platform encoding (Cp1252 actually) to copy filtered resources, i.e. build is platform dependent!
2020-08-26 23:12:33,994 [Worker-46: Building] INFO  o.e.m.c.i.embedder.EclipseLogger - skip non existing resourceDirectory C:\Users\Taylor Steffan\Documents\workspace-spring-tool-suite-4-4.7.1.RELEASE\SovereignBank\src\main\resources
2020-08-26 23:12:33,995 [Worker-46: Building] WARN  o.e.m.c.i.embedder.EclipseLogger - Using platform encoding (Cp1252 actually) to copy filtered resources, i.e. build is platform dependent!
2020-08-26 23:12:33,996 [Worker-46: Building] INFO  o.e.m.c.i.embedder.EclipseLogger - skip non existing resourceDirectory C:\Users\Taylor Steffan\Documents\workspace-spring-tool-suite-4-4.7.1.RELEASE\SovereignBank\src\test\resources
2020-08-26 23:15:40,062 [Worker-31: Building] WARN  o.e.m.c.i.embedder.EclipseLogger - Using platform encoding (Cp1252 actually) to copy filtered resources, i.e. build is platform dependent!
2020-08-26 23:15:40,063 [Worker-31: Building] INFO  o.e.m.c.i.embedder.EclipseLogger - skip non existing resourceDirectory C:\Users\Taylor Steffan\Documents\workspace-spring-tool-suite-4-4.7.1.RELEASE\SovereignBank\src\main\resources
2020-08-26 23:15:40,063 [Worker-31: Building] WARN  o.e.m.c.i.embedder.EclipseLogger - Using platform encoding (Cp1252 actually) to copy filtered resources, i.e. build is platform dependent!
2020-08-26 23:15:40,064 [Worker-31: Building] INFO  o.e.m.c.i.embedder.EclipseLogger - skip non existing resourceDirectory C:\Users\Taylor Steffan\Documents\workspace-spring-tool-suite-4-4.7.1.RELEASE\SovereignBank\src\test\resources
2020-08-26 23:20:57,782 [Worker-32: Building] WARN  o.e.m.c.i.embedder.EclipseLogger - Using platform encoding (Cp1252 actually) to copy filtered resources, i.e. build is platform dependent!
2020-08-26 23:20:57,783 [Worker-32: Building] INFO  o.e.m.c.i.embedder.EclipseLogger - skip non existing resourceDirectory C:\Users\Taylor Steffan\Documents\workspace-spring-tool-suite-4-4.7.1.RELEASE\SovereignBank\src\main\resources
2020-08-26 23:20:57,784 [Worker-32: Building] WARN  o.e.m.c.i.embedder.EclipseLogger - Using platform encoding (Cp1252 actually) to copy filtered resources, i.e. build is platform dependent!
2020-08-26 23:20:57,785 [Worker-32: Building] INFO  o.e.m.c.i.embedder.EclipseLogger - skip non existing resourceDirectory C:\Users\Taylor Steffan\Documents\workspace-spring-tool-suite-4-4.7.1.RELEASE\SovereignBank\src\test\resources
2020-08-26 23:21:18,203 [Worker-31: Building] WARN  o.e.m.c.i.embedder.EclipseLogger - Using platform encoding (Cp1252 actually) to copy filtered resources, i.e. build is platform dependent!
2020-08-26 23:21:18,204 [Worker-31: Building] INFO  o.e.m.c.i.embedder.EclipseLogger - skip non existing resourceDirectory C:\Users\Taylor Steffan\Documents\workspace-spring-tool-suite-4-4.7.1.RELEASE\SovereignBank\src\main\resources
2020-08-26 23:21:18,205 [Worker-31: Building] WARN  o.e.m.c.i.embedder.EclipseLogger - Using platform encoding (Cp1252 actually) to copy filtered resources, i.e. build is platform dependent!
2020-08-26 23:21:18,205 [Worker-31: Building] INFO  o.e.m.c.i.embedder.EclipseLogger - skip non existing resourceDirectory C:\Users\Taylor Steffan\Documents\workspace-spring-tool-suite-4-4.7.1.RELEASE\SovereignBank\src\test\resources
2020-08-26 23:22:32,201 [Worker-31: Building] WARN  o.e.m.c.i.embedder.EclipseLogger - Using platform encoding (Cp1252 actually) to copy filtered resources, i.e. build is platform dependent!
2020-08-26 23:22:32,202 [Worker-31: Building] INFO  o.e.m.c.i.embedder.EclipseLogger - skip non existing resourceDirectory C:\Users\Taylor Steffan\Documents\workspace-spring-tool-suite-4-4.7.1.RELEASE\SovereignBank\src\main\resources
2020-08-26 23:22:32,203 [Worker-31: Building] WARN  o.e.m.c.i.embedder.EclipseLogger - Using platform encoding (Cp1252 actually) to copy filtered resources, i.e. build is platform dependent!
2020-08-26 23:22:32,204 [Worker-31: Building] INFO  o.e.m.c.i.embedder.EclipseLogger - skip non existing resourceDirectory C:\Users\Taylor Steffan\Documents\workspace-spring-tool-suite-4-4.7.1.RELEASE\SovereignBank\src\test\resources
2020-08-26 23:22:50,563 [Worker-31: Building] WARN  o.e.m.c.i.embedder.EclipseLogger - Using platform encoding (Cp1252 actually) to copy filtered resources, i.e. build is platform dependent!
2020-08-26 23:22:50,564 [Worker-31: Building] INFO  o.e.m.c.i.embedder.EclipseLogger - skip non existing resourceDirectory C:\Users\Taylor Steffan\Documents\workspace-spring-tool-suite-4-4.7.1.RELEASE\SovereignBank\src\main\resources
2020-08-26 23:22:50,565 [Worker-31: Building] WARN  o.e.m.c.i.embedder.EclipseLogger - Using platform encoding (Cp1252 actually) to copy filtered resources, i.e. build is platform dependent!
2020-08-26 23:22:50,566 [Worker-31: Building] INFO  o.e.m.c.i.embedder.EclipseLogger - skip non existing resourceDirectory C:\Users\Taylor Steffan\Documents\workspace-spring-tool-suite-4-4.7.1.RELEASE\SovereignBank\src\test\resources
2020-08-26 23:24:38,742 [Worker-32: Building] WARN  o.e.m.c.i.embedder.EclipseLogger - Using platform encoding (Cp1252 actually) to copy filtered resources, i.e. build is platform dependent!
2020-08-26 23:24:38,743 [Worker-32: Building] INFO  o.e.m.c.i.embedder.EclipseLogger - skip non existing resourceDirectory C:\Users\Taylor Steffan\Documents\workspace-spring-tool-suite-4-4.7.1.RELEASE\SovereignBank\src\main\resources
2020-08-26 23:24:38,744 [Worker-32: Building] WARN  o.e.m.c.i.embedder.EclipseLogger - Using platform encoding (Cp1252 actually) to copy filtered resources, i.e. build is platform dependent!
2020-08-26 23:24:38,745 [Worker-32: Building] INFO  o.e.m.c.i.embedder.EclipseLogger - skip non existing resourceDirectory C:\Users\Taylor Steffan\Documents\workspace-spring-tool-suite-4-4.7.1.RELEASE\SovereignBank\src\test\resources
2020-08-27 00:20:28,067 [Worker-52: Building] WARN  o.e.m.c.i.embedder.EclipseLogger - Using platform encoding (Cp1252 actually) to copy filtered resources, i.e. build is platform dependent!
2020-08-27 00:20:28,071 [Worker-52: Building] INFO  o.e.m.c.i.embedder.EclipseLogger - skip non existing resourceDirectory C:\Users\Taylor Steffan\Documents\workspace-spring-tool-suite-4-4.7.1.RELEASE\SovereignBank\src\main\resources
2020-08-27 00:20:28,073 [Worker-52: Building] WARN  o.e.m.c.i.embedder.EclipseLogger - Using platform encoding (Cp1252 actually) to copy filtered resources, i.e. build is platform dependent!
2020-08-27 00:20:28,075 [Worker-52: Building] INFO  o.e.m.c.i.embedder.EclipseLogger - skip non existing resourceDirectory C:\Users\Taylor Steffan\Documents\workspace-spring-tool-suite-4-4.7.1.RELEASE\SovereignBank\src\test\resources
2020-08-27 00:43:14,332 [Worker-1: Loading available Gradle versions] INFO  o.e.b.c.i.u.g.PublishedGradleVersions - Gradle version information cache is out-of-date. Trying to update.
2020-08-27 00:43:15,073 [Worker-1: Loading available Gradle versions] INFO  o.e.b.c.i.u.g.PublishedGradleVersions - Updating Gradle version information cache failed. Using outdated cache.
2020-08-27 00:47:34,855 [Worker-6: Building] WARN  o.e.m.c.i.embedder.EclipseLogger - Using platform encoding (Cp1252 actually) to copy filtered resources, i.e. build is platform dependent!
2020-08-27 00:47:34,857 [Worker-6: Building] INFO  o.e.m.c.i.embedder.EclipseLogger - skip non existing resourceDirectory C:\Users\Taylor Steffan\Documents\workspace-spring-tool-suite-4-4.7.1.RELEASE\SovereignBank\src\main\resources
2020-08-27 00:47:34,859 [Worker-6: Building] WARN  o.e.m.c.i.embedder.EclipseLogger - Using platform encoding (Cp1252 actually) to copy filtered resources, i.e. build is platform dependent!
2020-08-27 00:47:34,860 [Worker-6: Building] INFO  o.e.m.c.i.embedder.EclipseLogger - skip non existing resourceDirectory C:\Users\Taylor Steffan\Documents\workspace-spring-tool-suite-4-4.7.1.RELEASE\SovereignBank\src\test\resources
2020-08-27 00:48:03,875 [Worker-14: Building] WARN  o.e.m.c.i.embedder.EclipseLogger - Using platform encoding (Cp1252 actually) to copy filtered resources, i.e. build is platform dependent!
2020-08-27 00:48:03,878 [Worker-14: Building] INFO  o.e.m.c.i.embedder.EclipseLogger - skip non existing resourceDirectory C:\Users\Taylor Steffan\Documents\workspace-spring-tool-suite-4-4.7.1.RELEASE\SovereignBank\src\main\resources
2020-08-27 00:48:03,880 [Worker-14: Building] WARN  o.e.m.c.i.embedder.EclipseLogger - Using platform encoding (Cp1252 actually) to copy filtered resources, i.e. build is platform dependent!
2020-08-27 00:48:03,882 [Worker-14: Building] INFO  o.e.m.c.i.embedder.EclipseLogger - skip non existing resourceDirectory C:\Users\Taylor Steffan\Documents\workspace-spring-tool-suite-4-4.7.1.RELEASE\SovereignBank\src\test\resources
2020-08-27 00:49:42,329 [Worker-13: Building] WARN  o.e.m.c.i.embedder.EclipseLogger - Using platform encoding (Cp1252 actually) to copy filtered resources, i.e. build is platform dependent!
2020-08-27 00:49:42,331 [Worker-13: Building] INFO  o.e.m.c.i.embedder.EclipseLogger - skip non existing resourceDirectory C:\Users\Taylor Steffan\Documents\workspace-spring-tool-suite-4-4.7.1.RELEASE\SovereignBank\src\main\resources
2020-08-27 00:49:42,332 [Worker-13: Building] WARN  o.e.m.c.i.embedder.EclipseLogger - Using platform encoding (Cp1252 actually) to copy filtered resources, i.e. build is platform dependent!
2020-08-27 00:49:42,333 [Worker-13: Building] INFO  o.e.m.c.i.embedder.EclipseLogger - skip non existing resourceDirectory C:\Users\Taylor Steffan\Documents\workspace-spring-tool-suite-4-4.7.1.RELEASE\SovereignBank\src\test\resources
2020-08-27 00:56:13,485 [Worker-14: Building] WARN  o.e.m.c.i.embedder.EclipseLogger - Using platform encoding (Cp1252 actually) to copy filtered resources, i.e. build is platform dependent!
2020-08-27 00:56:13,486 [Worker-14: Building] INFO  o.e.m.c.i.embedder.EclipseLogger - skip non existing resourceDirectory C:\Users\Taylor Steffan\Documents\workspace-spring-tool-suite-4-4.7.1.RELEASE\SovereignBank\src\main\resources
2020-08-27 00:56:13,488 [Worker-14: Building] WARN  o.e.m.c.i.embedder.EclipseLogger - Using platform encoding (Cp1252 actually) to copy filtered resources, i.e. build is platform dependent!
2020-08-27 00:56:13,489 [Worker-14: Building] INFO  o.e.m.c.i.embedder.EclipseLogger - skip non existing resourceDirectory C:\Users\Taylor Steffan\Documents\workspace-spring-tool-suite-4-4.7.1.RELEASE\SovereignBank\src\test\resources
2020-08-27 00:56:34,020 [Worker-15: Building] WARN  o.e.m.c.i.embedder.EclipseLogger - Using platform encoding (Cp1252 actually) to copy filtered resources, i.e. build is platform dependent!
2020-08-27 00:56:34,022 [Worker-15: Building] INFO  o.e.m.c.i.embedder.EclipseLogger - skip non existing resourceDirectory C:\Users\Taylor Steffan\Documents\workspace-spring-tool-suite-4-4.7.1.RELEASE\SovereignBank\src\main\resources
2020-08-27 00:56:34,023 [Worker-15: Building] WARN  o.e.m.c.i.embedder.EclipseLogger - Using platform encoding (Cp1252 actually) to copy filtered resources, i.e. build is platform dependent!
2020-08-27 00:56:34,024 [Worker-15: Building] INFO  o.e.m.c.i.embedder.EclipseLogger - skip non existing resourceDirectory C:\Users\Taylor Steffan\Documents\workspace-spring-tool-suite-4-4.7.1.RELEASE\SovereignBank\src\test\resources
2020-08-27 00:56:40,447 [Worker-14: Building] WARN  o.e.m.c.i.embedder.EclipseLogger - Using platform encoding (Cp1252 actually) to copy filtered resources, i.e. build is platform dependent!
2020-08-27 00:56:40,449 [Worker-14: Building] INFO  o.e.m.c.i.embedder.EclipseLogger - skip non existing resourceDirectory C:\Users\Taylor Steffan\Documents\workspace-spring-tool-suite-4-4.7.1.RELEASE\SovereignBank\src\main\resources
2020-08-27 00:56:40,451 [Worker-14: Building] WARN  o.e.m.c.i.embedder.EclipseLogger - Using platform encoding (Cp1252 actually) to copy filtered resources, i.e. build is platform dependent!
2020-08-27 00:56:40,453 [Worker-14: Building] INFO  o.e.m.c.i.embedder.EclipseLogger - skip non existing resourceDirectory C:\Users\Taylor Steffan\Documents\workspace-spring-tool-suite-4-4.7.1.RELEASE\SovereignBank\src\test\resources
2020-08-27 01:04:49,589 [Worker-6: Building] WARN  o.e.m.c.i.embedder.EclipseLogger - Using platform encoding (Cp1252 actually) to copy filtered resources, i.e. build is platform dependent!
2020-08-27 01:04:49,591 [Worker-6: Building] INFO  o.e.m.c.i.embedder.EclipseLogger - skip non existing resourceDirectory C:\Users\Taylor Steffan\Documents\workspace-spring-tool-suite-4-4.7.1.RELEASE\SovereignBank\src\main\resources
2020-08-27 01:04:49,593 [Worker-6: Building] WARN  o.e.m.c.i.embedder.EclipseLogger - Using platform encoding (Cp1252 actually) to copy filtered resources, i.e. build is platform dependent!
2020-08-27 01:04:49,594 [Worker-6: Building] INFO  o.e.m.c.i.embedder.EclipseLogger - skip non existing resourceDirectory C:\Users\Taylor Steffan\Documents\workspace-spring-tool-suite-4-4.7.1.RELEASE\SovereignBank\src\test\resources
2020-08-27 01:09:40,690 [Worker-6: Building] WARN  o.e.m.c.i.embedder.EclipseLogger - Using platform encoding (Cp1252 actually) to copy filtered resources, i.e. build is platform dependent!
2020-08-27 01:09:40,691 [Worker-6: Building] INFO  o.e.m.c.i.embedder.EclipseLogger - skip non existing resourceDirectory C:\Users\Taylor Steffan\Documents\workspace-spring-tool-suite-4-4.7.1.RELEASE\SovereignBank\src\main\resources
2020-08-27 01:09:40,694 [Worker-6: Building] WARN  o.e.m.c.i.embedder.EclipseLogger - Using platform encoding (Cp1252 actually) to copy filtered resources, i.e. build is platform dependent!
2020-08-27 01:09:40,695 [Worker-6: Building] INFO  o.e.m.c.i.embedder.EclipseLogger - skip non existing resourceDirectory C:\Users\Taylor Steffan\Documents\workspace-spring-tool-suite-4-4.7.1.RELEASE\SovereignBank\src\test\resources
2020-08-27 01:10:12,939 [Worker-16: Building] WARN  o.e.m.c.i.embedder.EclipseLogger - Using platform encoding (Cp1252 actually) to copy filtered resources, i.e. build is platform dependent!
2020-08-27 01:10:12,941 [Worker-16: Building] INFO  o.e.m.c.i.embedder.EclipseLogger - skip non existing resourceDirectory C:\Users\Taylor Steffan\Documents\workspace-spring-tool-suite-4-4.7.1.RELEASE\SovereignBank\src\main\resources
2020-08-27 01:10:12,943 [Worker-16: Building] WARN  o.e.m.c.i.embedder.EclipseLogger - Using platform encoding (Cp1252 actually) to copy filtered resources, i.e. build is platform dependent!
2020-08-27 01:10:12,946 [Worker-16: Building] INFO  o.e.m.c.i.embedder.EclipseLogger - skip non existing resourceDirectory C:\Users\Taylor Steffan\Documents\workspace-spring-tool-suite-4-4.7.1.RELEASE\SovereignBank\src\test\resources
2020-08-27 01:17:55,387 [Worker-14: Building] WARN  o.e.m.c.i.embedder.EclipseLogger - Using platform encoding (Cp1252 actually) to copy filtered resources, i.e. build is platform dependent!
2020-08-27 01:17:55,388 [Worker-14: Building] INFO  o.e.m.c.i.embedder.EclipseLogger - skip non existing resourceDirectory C:\Users\Taylor Steffan\Documents\workspace-spring-tool-suite-4-4.7.1.RELEASE\SovereignBank\src\main\resources
2020-08-27 01:17:55,390 [Worker-14: Building] WARN  o.e.m.c.i.embedder.EclipseLogger - Using platform encoding (Cp1252 actually) to copy filtered resources, i.e. build is platform dependent!
2020-08-27 01:17:55,391 [Worker-14: Building] INFO  o.e.m.c.i.embedder.EclipseLogger - skip non existing resourceDirectory C:\Users\Taylor Steffan\Documents\workspace-spring-tool-suite-4-4.7.1.RELEASE\SovereignBank\src\test\resources
2020-08-27 01:18:12,969 [Worker-6: Building] WARN  o.e.m.c.i.embedder.EclipseLogger - Using platform encoding (Cp1252 actually) to copy filtered resources, i.e. build is platform dependent!
2020-08-27 01:18:12,970 [Worker-6: Building] INFO  o.e.m.c.i.embedder.EclipseLogger - skip non existing resourceDirectory C:\Users\Taylor Steffan\Documents\workspace-spring-tool-suite-4-4.7.1.RELEASE\SovereignBank\src\main\resources
2020-08-27 01:18:12,972 [Worker-6: Building] WARN  o.e.m.c.i.embedder.EclipseLogger - Using platform encoding (Cp1252 actually) to copy filtered resources, i.e. build is platform dependent!
2020-08-27 01:18:12,973 [Worker-6: Building] INFO  o.e.m.c.i.embedder.EclipseLogger - skip non existing resourceDirectory C:\Users\Taylor Steffan\Documents\workspace-spring-tool-suite-4-4.7.1.RELEASE\SovereignBank\src\test\resources
2020-08-27 01:25:59,182 [Worker-19: Building] WARN  o.e.m.c.i.embedder.EclipseLogger - Using platform encoding (Cp1252 actually) to copy filtered resources, i.e. build is platform dependent!
2020-08-27 01:25:59,183 [Worker-19: Building] INFO  o.e.m.c.i.embedder.EclipseLogger - skip non existing resourceDirectory C:\Users\Taylor Steffan\Documents\workspace-spring-tool-suite-4-4.7.1.RELEASE\SovereignBank\src\main\resources
2020-08-27 01:25:59,184 [Worker-19: Building] WARN  o.e.m.c.i.embedder.EclipseLogger - Using platform encoding (Cp1252 actually) to copy filtered resources, i.e. build is platform dependent!
2020-08-27 01:25:59,185 [Worker-19: Building] INFO  o.e.m.c.i.embedder.EclipseLogger - skip non existing resourceDirectory C:\Users\Taylor Steffan\Documents\workspace-spring-tool-suite-4-4.7.1.RELEASE\SovereignBank\src\test\resources
2020-08-27 01:43:36,157 [Worker-24: Building] WARN  o.e.m.c.i.embedder.EclipseLogger - Using platform encoding (Cp1252 actually) to copy filtered resources, i.e. build is platform dependent!
2020-08-27 01:43:36,159 [Worker-24: Building] INFO  o.e.m.c.i.embedder.EclipseLogger - skip non existing resourceDirectory C:\Users\Taylor Steffan\Documents\workspace-spring-tool-suite-4-4.7.1.RELEASE\SovereignBank\src\main\resources
2020-08-27 01:43:36,161 [Worker-24: Building] WARN  o.e.m.c.i.embedder.EclipseLogger - Using platform encoding (Cp1252 actually) to copy filtered resources, i.e. build is platform dependent!
2020-08-27 01:43:36,163 [Worker-24: Building] INFO  o.e.m.c.i.embedder.EclipseLogger - skip non existing resourceDirectory C:\Users\Taylor Steffan\Documents\workspace-spring-tool-suite-4-4.7.1.RELEASE\SovereignBank\src\test\resources
2020-08-27 03:15:56,389 [Worker-29: Building] WARN  o.e.m.c.i.embedder.EclipseLogger - Using platform encoding (Cp1252 actually) to copy filtered resources, i.e. build is platform dependent!
2020-08-27 03:15:56,391 [Worker-29: Building] INFO  o.e.m.c.i.embedder.EclipseLogger - skip non existing resourceDirectory C:\Users\Taylor Steffan\Documents\workspace-spring-tool-suite-4-4.7.1.RELEASE\SovereignBank\src\main\resources
2020-08-27 03:15:56,391 [Worker-29: Building] WARN  o.e.m.c.i.embedder.EclipseLogger - Using platform encoding (Cp1252 actually) to copy filtered resources, i.e. build is platform dependent!
2020-08-27 03:15:56,392 [Worker-29: Building] INFO  o.e.m.c.i.embedder.EclipseLogger - skip non existing resourceDirectory C:\Users\Taylor Steffan\Documents\workspace-spring-tool-suite-4-4.7.1.RELEASE\SovereignBank\src\test\resources
2020-08-27 03:17:33,204 [Worker-27: Building] WARN  o.e.m.c.i.embedder.EclipseLogger - Using platform encoding (Cp1252 actually) to copy filtered resources, i.e. build is platform dependent!
2020-08-27 03:17:33,207 [Worker-27: Building] INFO  o.e.m.c.i.embedder.EclipseLogger - skip non existing resourceDirectory C:\Users\Taylor Steffan\Documents\workspace-spring-tool-suite-4-4.7.1.RELEASE\SovereignBank\src\main\resources
2020-08-27 03:17:33,209 [Worker-27: Building] WARN  o.e.m.c.i.embedder.EclipseLogger - Using platform encoding (Cp1252 actually) to copy filtered resources, i.e. build is platform dependent!
2020-08-27 03:17:33,211 [Worker-27: Building] INFO  o.e.m.c.i.embedder.EclipseLogger - skip non existing resourceDirectory C:\Users\Taylor Steffan\Documents\workspace-spring-tool-suite-4-4.7.1.RELEASE\SovereignBank\src\test\resources
2020-08-27 03:18:13,021 [Worker-21: Building] WARN  o.e.m.c.i.embedder.EclipseLogger - Using platform encoding (Cp1252 actually) to copy filtered resources, i.e. build is platform dependent!
2020-08-27 03:18:13,023 [Worker-21: Building] INFO  o.e.m.c.i.embedder.EclipseLogger - skip non existing resourceDirectory C:\Users\Taylor Steffan\Documents\workspace-spring-tool-suite-4-4.7.1.RELEASE\SovereignBank\src\main\resources
2020-08-27 03:18:13,024 [Worker-21: Building] WARN  o.e.m.c.i.embedder.EclipseLogger - Using platform encoding (Cp1252 actually) to copy filtered resources, i.e. build is platform dependent!
2020-08-27 03:18:13,026 [Worker-21: Building] INFO  o.e.m.c.i.embedder.EclipseLogger - skip non existing resourceDirectory C:\Users\Taylor Steffan\Documents\workspace-spring-tool-suite-4-4.7.1.RELEASE\SovereignBank\src\test\resources
2020-08-27 03:32:17,887 [Worker-29: Building] WARN  o.e.m.c.i.embedder.EclipseLogger - Using platform encoding (Cp1252 actually) to copy filtered resources, i.e. build is platform dependent!
2020-08-27 03:32:17,888 [Worker-29: Building] INFO  o.e.m.c.i.embedder.EclipseLogger - skip non existing resourceDirectory C:\Users\Taylor Steffan\Documents\workspace-spring-tool-suite-4-4.7.1.RELEASE\SovereignBank\src\main\resources
2020-08-27 03:32:17,889 [Worker-29: Building] WARN  o.e.m.c.i.embedder.EclipseLogger - Using platform encoding (Cp1252 actually) to copy filtered resources, i.e. build is platform dependent!
2020-08-27 03:32:17,890 [Worker-29: Building] INFO  o.e.m.c.i.embedder.EclipseLogger - skip non existing resourceDirectory C:\Users\Taylor Steffan\Documents\workspace-spring-tool-suite-4-4.7.1.RELEASE\SovereignBank\src\test\resources
2020-08-27 03:32:29,683 [Worker-24: Building] WARN  o.e.m.c.i.embedder.EclipseLogger - Using platform encoding (Cp1252 actually) to copy filtered resources, i.e. build is platform dependent!
2020-08-27 03:32:29,684 [Worker-24: Building] INFO  o.e.m.c.i.embedder.EclipseLogger - skip non existing resourceDirectory C:\Users\Taylor Steffan\Documents\workspace-spring-tool-suite-4-4.7.1.RELEASE\SovereignBank\src\main\resources
2020-08-27 03:32:29,686 [Worker-24: Building] WARN  o.e.m.c.i.embedder.EclipseLogger - Using platform encoding (Cp1252 actually) to copy filtered resources, i.e. build is platform dependent!
2020-08-27 03:32:29,687 [Worker-24: Building] INFO  o.e.m.c.i.embedder.EclipseLogger - skip non existing resourceDirectory C:\Users\Taylor Steffan\Documents\workspace-spring-tool-suite-4-4.7.1.RELEASE\SovereignBank\src\test\resources
2020-08-27 03:35:12,831 [Worker-34: Building] WARN  o.e.m.c.i.embedder.EclipseLogger - Using platform encoding (Cp1252 actually) to copy filtered resources, i.e. build is platform dependent!
2020-08-27 03:35:12,832 [Worker-34: Building] INFO  o.e.m.c.i.embedder.EclipseLogger - skip non existing resourceDirectory C:\Users\Taylor Steffan\Documents\workspace-spring-tool-suite-4-4.7.1.RELEASE\SovereignBank\src\main\resources
2020-08-27 03:35:12,833 [Worker-34: Building] WARN  o.e.m.c.i.embedder.EclipseLogger - Using platform encoding (Cp1252 actually) to copy filtered resources, i.e. build is platform dependent!
2020-08-27 03:35:12,834 [Worker-34: Building] INFO  o.e.m.c.i.embedder.EclipseLogger - skip non existing resourceDirectory C:\Users\Taylor Steffan\Documents\workspace-spring-tool-suite-4-4.7.1.RELEASE\SovereignBank\src\test\resources
2020-08-27 03:44:14,212 [Worker-30: Building] WARN  o.e.m.c.i.embedder.EclipseLogger - Using platform encoding (Cp1252 actually) to copy filtered resources, i.e. build is platform dependent!
2020-08-27 03:44:14,213 [Worker-30: Building] INFO  o.e.m.c.i.embedder.EclipseLogger - skip non existing resourceDirectory C:\Users\Taylor Steffan\Documents\workspace-spring-tool-suite-4-4.7.1.RELEASE\SovereignBank\src\main\resources
2020-08-27 03:44:14,214 [Worker-30: Building] WARN  o.e.m.c.i.embedder.EclipseLogger - Using platform encoding (Cp1252 actually) to copy filtered resources, i.e. build is platform dependent!
2020-08-27 03:44:14,216 [Worker-30: Building] INFO  o.e.m.c.i.embedder.EclipseLogger - skip non existing resourceDirectory C:\Users\Taylor Steffan\Documents\workspace-spring-tool-suite-4-4.7.1.RELEASE\SovereignBank\src\test\resources
2020-08-27 03:44:21,995 [Worker-37: Launching Driver] WARN  o.e.m.c.i.embedder.EclipseLogger - Using platform encoding (Cp1252 actually) to copy filtered resources, i.e. build is platform dependent!
2020-08-27 03:44:21,997 [Worker-37: Launching Driver] INFO  o.e.m.c.i.embedder.EclipseLogger - skip non existing resourceDirectory C:\Users\Taylor Steffan\Documents\workspace-spring-tool-suite-4-4.7.1.RELEASE\SovereignBank\src\main\resources
2020-08-27 03:44:21,998 [Worker-37: Launching Driver] WARN  o.e.m.c.i.embedder.EclipseLogger - Using platform encoding (Cp1252 actually) to copy filtered resources, i.e. build is platform dependent!
2020-08-27 03:44:22,001 [Worker-37: Launching Driver] INFO  o.e.m.c.i.embedder.EclipseLogger - skip non existing resourceDirectory C:\Users\Taylor Steffan\Documents\workspace-spring-tool-suite-4-4.7.1.RELEASE\SovereignBank\src\test\resources
2020-08-27 03:45:34,837 [Worker-37: Building] WARN  o.e.m.c.i.embedder.EclipseLogger - Using platform encoding (Cp1252 actually) to copy filtered resources, i.e. build is platform dependent!
2020-08-27 03:45:34,838 [Worker-37: Building] INFO  o.e.m.c.i.embedder.EclipseLogger - skip non existing resourceDirectory C:\Users\Taylor Steffan\Documents\workspace-spring-tool-suite-4-4.7.1.RELEASE\SovereignBank\src\main\resources
2020-08-27 03:45:34,839 [Worker-37: Building] WARN  o.e.m.c.i.embedder.EclipseLogger - Using platform encoding (Cp1252 actually) to copy filtered resources, i.e. build is platform dependent!
2020-08-27 03:45:34,840 [Worker-37: Building] INFO  o.e.m.c.i.embedder.EclipseLogger - skip non existing resourceDirectory C:\Users\Taylor Steffan\Documents\workspace-spring-tool-suite-4-4.7.1.RELEASE\SovereignBank\src\test\resources
2020-08-27 03:46:21,273 [Worker-38: Building] WARN  o.e.m.c.i.embedder.EclipseLogger - Using platform encoding (Cp1252 actually) to copy filtered resources, i.e. build is platform dependent!
2020-08-27 03:46:21,275 [Worker-38: Building] INFO  o.e.m.c.i.embedder.EclipseLogger - skip non existing resourceDirectory C:\Users\Taylor Steffan\Documents\workspace-spring-tool-suite-4-4.7.1.RELEASE\SovereignBank\src\main\resources
2020-08-27 03:46:21,276 [Worker-38: Building] WARN  o.e.m.c.i.embedder.EclipseLogger - Using platform encoding (Cp1252 actually) to copy filtered resources, i.e. build is platform dependent!
2020-08-27 03:46:21,277 [Worker-38: Building] INFO  o.e.m.c.i.embedder.EclipseLogger - skip non existing resourceDirectory C:\Users\Taylor Steffan\Documents\workspace-spring-tool-suite-4-4.7.1.RELEASE\SovereignBank\src\test\resources
2020-08-27 03:54:50,974 [Worker-39: Building] WARN  o.e.m.c.i.embedder.EclipseLogger - Using platform encoding (Cp1252 actually) to copy filtered resources, i.e. build is platform dependent!
2020-08-27 03:54:50,976 [Worker-39: Building] INFO  o.e.m.c.i.embedder.EclipseLogger - skip non existing resourceDirectory C:\Users\Taylor Steffan\Documents\workspace-spring-tool-suite-4-4.7.1.RELEASE\SovereignBank\src\main\resources
2020-08-27 03:54:50,977 [Worker-39: Building] WARN  o.e.m.c.i.embedder.EclipseLogger - Using platform encoding (Cp1252 actually) to copy filtered resources, i.e. build is platform dependent!
2020-08-27 03:54:50,979 [Worker-39: Building] INFO  o.e.m.c.i.embedder.EclipseLogger - skip non existing resourceDirectory C:\Users\Taylor Steffan\Documents\workspace-spring-tool-suite-4-4.7.1.RELEASE\SovereignBank\src\test\resources
2020-08-27 03:55:15,300 [Worker-39: Building] WARN  o.e.m.c.i.embedder.EclipseLogger - Using platform encoding (Cp1252 actually) to copy filtered resources, i.e. build is platform dependent!
2020-08-27 03:55:15,302 [Worker-39: Building] INFO  o.e.m.c.i.embedder.EclipseLogger - skip non existing resourceDirectory C:\Users\Taylor Steffan\Documents\workspace-spring-tool-suite-4-4.7.1.RELEASE\SovereignBank\src\main\resources
2020-08-27 03:55:15,302 [Worker-39: Building] WARN  o.e.m.c.i.embedder.EclipseLogger - Using platform encoding (Cp1252 actually) to copy filtered resources, i.e. build is platform dependent!
2020-08-27 03:55:15,303 [Worker-39: Building] INFO  o.e.m.c.i.embedder.EclipseLogger - skip non existing resourceDirectory C:\Users\Taylor Steffan\Documents\workspace-spring-tool-suite-4-4.7.1.RELEASE\SovereignBank\src\test\resources
2020-08-27 03:55:31,331 [Worker-39: Building] WARN  o.e.m.c.i.embedder.EclipseLogger - Using platform encoding (Cp1252 actually) to copy filtered resources, i.e. build is platform dependent!
2020-08-27 03:55:31,332 [Worker-39: Building] INFO  o.e.m.c.i.embedder.EclipseLogger - skip non existing resourceDirectory C:\Users\Taylor Steffan\Documents\workspace-spring-tool-suite-4-4.7.1.RELEASE\SovereignBank\src\main\resources
2020-08-27 03:55:31,333 [Worker-39: Building] WARN  o.e.m.c.i.embedder.EclipseLogger - Using platform encoding (Cp1252 actually) to copy filtered resources, i.e. build is platform dependent!
2020-08-27 03:55:31,335 [Worker-39: Building] INFO  o.e.m.c.i.embedder.EclipseLogger - skip non existing resourceDirectory C:\Users\Taylor Steffan\Documents\workspace-spring-tool-suite-4-4.7.1.RELEASE\SovereignBank\src\test\resources
2020-08-27 03:56:31,531 [Worker-35: Building] WARN  o.e.m.c.i.embedder.EclipseLogger - Using platform encoding (Cp1252 actually) to copy filtered resources, i.e. build is platform dependent!
2020-08-27 03:56:31,533 [Worker-35: Building] INFO  o.e.m.c.i.embedder.EclipseLogger - skip non existing resourceDirectory C:\Users\Taylor Steffan\Documents\workspace-spring-tool-suite-4-4.7.1.RELEASE\SovereignBank\src\main\resources
2020-08-27 03:56:31,533 [Worker-35: Building] WARN  o.e.m.c.i.embedder.EclipseLogger - Using platform encoding (Cp1252 actually) to copy filtered resources, i.e. build is platform dependent!
2020-08-27 03:56:31,534 [Worker-35: Building] INFO  o.e.m.c.i.embedder.EclipseLogger - skip non existing resourceDirectory C:\Users\Taylor Steffan\Documents\workspace-spring-tool-suite-4-4.7.1.RELEASE\SovereignBank\src\test\resources
2020-08-27 03:56:46,265 [Worker-39: Building] WARN  o.e.m.c.i.embedder.EclipseLogger - Using platform encoding (Cp1252 actually) to copy filtered resources, i.e. build is platform dependent!
2020-08-27 03:56:46,267 [Worker-39: Building] INFO  o.e.m.c.i.embedder.EclipseLogger - skip non existing resourceDirectory C:\Users\Taylor Steffan\Documents\workspace-spring-tool-suite-4-4.7.1.RELEASE\SovereignBank\src\main\resources
2020-08-27 03:56:46,267 [Worker-39: Building] WARN  o.e.m.c.i.embedder.EclipseLogger - Using platform encoding (Cp1252 actually) to copy filtered resources, i.e. build is platform dependent!
2020-08-27 03:56:46,268 [Worker-39: Building] INFO  o.e.m.c.i.embedder.EclipseLogger - skip non existing resourceDirectory C:\Users\Taylor Steffan\Documents\workspace-spring-tool-suite-4-4.7.1.RELEASE\SovereignBank\src\test\resources
2020-08-27 03:57:25,991 [Worker-40: Building] WARN  o.e.m.c.i.embedder.EclipseLogger - Using platform encoding (Cp1252 actually) to copy filtered resources, i.e. build is platform dependent!
2020-08-27 03:57:25,993 [Worker-40: Building] INFO  o.e.m.c.i.embedder.EclipseLogger - skip non existing resourceDirectory C:\Users\Taylor Steffan\Documents\workspace-spring-tool-suite-4-4.7.1.RELEASE\SovereignBank\src\main\resources
2020-08-27 03:57:25,993 [Worker-40: Building] WARN  o.e.m.c.i.embedder.EclipseLogger - Using platform encoding (Cp1252 actually) to copy filtered resources, i.e. build is platform dependent!
2020-08-27 03:57:25,994 [Worker-40: Building] INFO  o.e.m.c.i.embedder.EclipseLogger - skip non existing resourceDirectory C:\Users\Taylor Steffan\Documents\workspace-spring-tool-suite-4-4.7.1.RELEASE\SovereignBank\src\test\resources
2020-08-27 03:57:53,314 [Worker-36: Building] WARN  o.e.m.c.i.embedder.EclipseLogger - Using platform encoding (Cp1252 actually) to copy filtered resources, i.e. build is platform dependent!
2020-08-27 03:57:53,315 [Worker-36: Building] INFO  o.e.m.c.i.embedder.EclipseLogger - skip non existing resourceDirectory C:\Users\Taylor Steffan\Documents\workspace-spring-tool-suite-4-4.7.1.RELEASE\SovereignBank\src\main\resources
2020-08-27 03:57:53,316 [Worker-36: Building] WARN  o.e.m.c.i.embedder.EclipseLogger - Using platform encoding (Cp1252 actually) to copy filtered resources, i.e. build is platform dependent!
2020-08-27 03:57:53,317 [Worker-36: Building] INFO  o.e.m.c.i.embedder.EclipseLogger - skip non existing resourceDirectory C:\Users\Taylor Steffan\Documents\workspace-spring-tool-suite-4-4.7.1.RELEASE\SovereignBank\src\test\resources
2020-08-27 03:58:59,391 [Worker-39: Building] WARN  o.e.m.c.i.embedder.EclipseLogger - Using platform encoding (Cp1252 actually) to copy filtered resources, i.e. build is platform dependent!
2020-08-27 03:58:59,392 [Worker-39: Building] INFO  o.e.m.c.i.embedder.EclipseLogger - skip non existing resourceDirectory C:\Users\Taylor Steffan\Documents\workspace-spring-tool-suite-4-4.7.1.RELEASE\SovereignBank\src\main\resources
2020-08-27 03:58:59,393 [Worker-39: Building] WARN  o.e.m.c.i.embedder.EclipseLogger - Using platform encoding (Cp1252 actually) to copy filtered resources, i.e. build is platform dependent!
2020-08-27 03:58:59,394 [Worker-39: Building] INFO  o.e.m.c.i.embedder.EclipseLogger - skip non existing resourceDirectory C:\Users\Taylor Steffan\Documents\workspace-spring-tool-suite-4-4.7.1.RELEASE\SovereignBank\src\test\resources
2020-08-27 04:01:02,044 [Worker-36: Building] WARN  o.e.m.c.i.embedder.EclipseLogger - Using platform encoding (Cp1252 actually) to copy filtered resources, i.e. build is platform dependent!
2020-08-27 04:01:02,045 [Worker-36: Building] INFO  o.e.m.c.i.embedder.EclipseLogger - skip non existing resourceDirectory C:\Users\Taylor Steffan\Documents\workspace-spring-tool-suite-4-4.7.1.RELEASE\SovereignBank\src\main\resources
2020-08-27 04:01:02,046 [Worker-36: Building] WARN  o.e.m.c.i.embedder.EclipseLogger - Using platform encoding (Cp1252 actually) to copy filtered resources, i.e. build is platform dependent!
2020-08-27 04:01:02,047 [Worker-36: Building] INFO  o.e.m.c.i.embedder.EclipseLogger - skip non existing resourceDirectory C:\Users\Taylor Steffan\Documents\workspace-spring-tool-suite-4-4.7.1.RELEASE\SovereignBank\src\test\resources
2020-08-27 04:01:49,772 [Worker-35: Building] WARN  o.e.m.c.i.embedder.EclipseLogger - Using platform encoding (Cp1252 actually) to copy filtered resources, i.e. build is platform dependent!
2020-08-27 04:01:49,773 [Worker-35: Building] INFO  o.e.m.c.i.embedder.EclipseLogger - skip non existing resourceDirectory C:\Users\Taylor Steffan\Documents\workspace-spring-tool-suite-4-4.7.1.RELEASE\SovereignBank\src\main\resources
2020-08-27 04:01:49,774 [Worker-35: Building] WARN  o.e.m.c.i.embedder.EclipseLogger - Using platform encoding (Cp1252 actually) to copy filtered resources, i.e. build is platform dependent!
2020-08-27 04:01:49,775 [Worker-35: Building] INFO  o.e.m.c.i.embedder.EclipseLogger - skip non existing resourceDirectory C:\Users\Taylor Steffan\Documents\workspace-spring-tool-suite-4-4.7.1.RELEASE\SovereignBank\src\test\resources
2020-08-27 04:02:04,127 [Worker-35: Building] WARN  o.e.m.c.i.embedder.EclipseLogger - Using platform encoding (Cp1252 actually) to copy filtered resources, i.e. build is platform dependent!
2020-08-27 04:02:04,129 [Worker-35: Building] INFO  o.e.m.c.i.embedder.EclipseLogger - skip non existing resourceDirectory C:\Users\Taylor Steffan\Documents\workspace-spring-tool-suite-4-4.7.1.RELEASE\SovereignBank\src\main\resources
2020-08-27 04:02:04,130 [Worker-35: Building] WARN  o.e.m.c.i.embedder.EclipseLogger - Using platform encoding (Cp1252 actually) to copy filtered resources, i.e. build is platform dependent!
2020-08-27 04:02:04,132 [Worker-35: Building] INFO  o.e.m.c.i.embedder.EclipseLogger - skip non existing resourceDirectory C:\Users\Taylor Steffan\Documents\workspace-spring-tool-suite-4-4.7.1.RELEASE\SovereignBank\src\test\resources
2020-08-27 04:04:06,763 [Worker-41: Building] WARN  o.e.m.c.i.embedder.EclipseLogger - Using platform encoding (Cp1252 actually) to copy filtered resources, i.e. build is platform dependent!
2020-08-27 04:04:06,764 [Worker-41: Building] INFO  o.e.m.c.i.embedder.EclipseLogger - skip non existing resourceDirectory C:\Users\Taylor Steffan\Documents\workspace-spring-tool-suite-4-4.7.1.RELEASE\SovereignBank\src\main\resources
2020-08-27 04:04:06,765 [Worker-41: Building] WARN  o.e.m.c.i.embedder.EclipseLogger - Using platform encoding (Cp1252 actually) to copy filtered resources, i.e. build is platform dependent!
2020-08-27 04:04:06,767 [Worker-41: Building] INFO  o.e.m.c.i.embedder.EclipseLogger - skip non existing resourceDirectory C:\Users\Taylor Steffan\Documents\workspace-spring-tool-suite-4-4.7.1.RELEASE\SovereignBank\src\test\resources
2020-08-27 04:05:19,249 [Worker-41: Building] WARN  o.e.m.c.i.embedder.EclipseLogger - Using platform encoding (Cp1252 actually) to copy filtered resources, i.e. build is platform dependent!
2020-08-27 04:05:19,250 [Worker-41: Building] INFO  o.e.m.c.i.embedder.EclipseLogger - skip non existing resourceDirectory C:\Users\Taylor Steffan\Documents\workspace-spring-tool-suite-4-4.7.1.RELEASE\SovereignBank\src\main\resources
2020-08-27 04:05:19,251 [Worker-41: Building] WARN  o.e.m.c.i.embedder.EclipseLogger - Using platform encoding (Cp1252 actually) to copy filtered resources, i.e. build is platform dependent!
2020-08-27 04:05:19,252 [Worker-41: Building] INFO  o.e.m.c.i.embedder.EclipseLogger - skip non existing resourceDirectory C:\Users\Taylor Steffan\Documents\workspace-spring-tool-suite-4-4.7.1.RELEASE\SovereignBank\src\test\resources
2020-08-27 04:07:23,982 [Worker-44: Building] WARN  o.e.m.c.i.embedder.EclipseLogger - Using platform encoding (Cp1252 actually) to copy filtered resources, i.e. build is platform dependent!
2020-08-27 04:07:23,986 [Worker-44: Building] INFO  o.e.m.c.i.embedder.EclipseLogger - skip non existing resourceDirectory C:\Users\Taylor Steffan\Documents\workspace-spring-tool-suite-4-4.7.1.RELEASE\SovereignBank\src\main\resources
2020-08-27 04:07:23,987 [Worker-44: Building] WARN  o.e.m.c.i.embedder.EclipseLogger - Using platform encoding (Cp1252 actually) to copy filtered resources, i.e. build is platform dependent!
2020-08-27 04:07:23,989 [Worker-44: Building] INFO  o.e.m.c.i.embedder.EclipseLogger - skip non existing resourceDirectory C:\Users\Taylor Steffan\Documents\workspace-spring-tool-suite-4-4.7.1.RELEASE\SovereignBank\src\test\resources
2020-08-27 04:07:29,150 [Worker-44: Building] WARN  o.e.m.c.i.embedder.EclipseLogger - Using platform encoding (Cp1252 actually) to copy filtered resources, i.e. build is platform dependent!
2020-08-27 04:07:29,152 [Worker-44: Building] INFO  o.e.m.c.i.embedder.EclipseLogger - skip non existing resourceDirectory C:\Users\Taylor Steffan\Documents\workspace-spring-tool-suite-4-4.7.1.RELEASE\SovereignBank\src\main\resources
2020-08-27 04:07:29,153 [Worker-44: Building] WARN  o.e.m.c.i.embedder.EclipseLogger - Using platform encoding (Cp1252 actually) to copy filtered resources, i.e. build is platform dependent!
2020-08-27 04:07:29,155 [Worker-44: Building] INFO  o.e.m.c.i.embedder.EclipseLogger - skip non existing resourceDirectory C:\Users\Taylor Steffan\Documents\workspace-spring-tool-suite-4-4.7.1.RELEASE\SovereignBank\src\test\resources
2020-08-27 04:07:43,055 [Worker-43: Building] WARN  o.e.m.c.i.embedder.EclipseLogger - Using platform encoding (Cp1252 actually) to copy filtered resources, i.e. build is platform dependent!
2020-08-27 04:07:43,057 [Worker-43: Building] INFO  o.e.m.c.i.embedder.EclipseLogger - skip non existing resourceDirectory C:\Users\Taylor Steffan\Documents\workspace-spring-tool-suite-4-4.7.1.RELEASE\SovereignBank\src\main\resources
2020-08-27 04:07:43,058 [Worker-43: Building] WARN  o.e.m.c.i.embedder.EclipseLogger - Using platform encoding (Cp1252 actually) to copy filtered resources, i.e. build is platform dependent!
2020-08-27 04:07:43,060 [Worker-43: Building] INFO  o.e.m.c.i.embedder.EclipseLogger - skip non existing resourceDirectory C:\Users\Taylor Steffan\Documents\workspace-spring-tool-suite-4-4.7.1.RELEASE\SovereignBank\src\test\resources
2020-08-27 04:09:45,405 [Worker-36: Building] WARN  o.e.m.c.i.embedder.EclipseLogger - Using platform encoding (Cp1252 actually) to copy filtered resources, i.e. build is platform dependent!
2020-08-27 04:09:45,407 [Worker-36: Building] INFO  o.e.m.c.i.embedder.EclipseLogger - skip non existing resourceDirectory C:\Users\Taylor Steffan\Documents\workspace-spring-tool-suite-4-4.7.1.RELEASE\SovereignBank\src\main\resources
2020-08-27 04:09:45,407 [Worker-36: Building] WARN  o.e.m.c.i.embedder.EclipseLogger - Using platform encoding (Cp1252 actually) to copy filtered resources, i.e. build is platform dependent!
2020-08-27 04:09:45,408 [Worker-36: Building] INFO  o.e.m.c.i.embedder.EclipseLogger - skip non existing resourceDirectory C:\Users\Taylor Steffan\Documents\workspace-spring-tool-suite-4-4.7.1.RELEASE\SovereignBank\src\test\resources
2020-08-27 04:10:11,380 [Worker-45: Building] WARN  o.e.m.c.i.embedder.EclipseLogger - Using platform encoding (Cp1252 actually) to copy filtered resources, i.e. build is platform dependent!
2020-08-27 04:10:11,382 [Worker-45: Building] INFO  o.e.m.c.i.embedder.EclipseLogger - skip non existing resourceDirectory C:\Users\Taylor Steffan\Documents\workspace-spring-tool-suite-4-4.7.1.RELEASE\SovereignBank\src\main\resources
2020-08-27 04:10:11,385 [Worker-45: Building] WARN  o.e.m.c.i.embedder.EclipseLogger - Using platform encoding (Cp1252 actually) to copy filtered resources, i.e. build is platform dependent!
2020-08-27 04:10:11,387 [Worker-45: Building] INFO  o.e.m.c.i.embedder.EclipseLogger - skip non existing resourceDirectory C:\Users\Taylor Steffan\Documents\workspace-spring-tool-suite-4-4.7.1.RELEASE\SovereignBank\src\test\resources
2020-08-27 04:10:14,714 [Worker-45: Building] WARN  o.e.m.c.i.embedder.EclipseLogger - Using platform encoding (Cp1252 actually) to copy filtered resources, i.e. build is platform dependent!
2020-08-27 04:10:14,715 [Worker-45: Building] INFO  o.e.m.c.i.embedder.EclipseLogger - skip non existing resourceDirectory C:\Users\Taylor Steffan\Documents\workspace-spring-tool-suite-4-4.7.1.RELEASE\SovereignBank\src\main\resources
2020-08-27 04:10:14,716 [Worker-45: Building] WARN  o.e.m.c.i.embedder.EclipseLogger - Using platform encoding (Cp1252 actually) to copy filtered resources, i.e. build is platform dependent!
2020-08-27 04:10:14,717 [Worker-45: Building] INFO  o.e.m.c.i.embedder.EclipseLogger - skip non existing resourceDirectory C:\Users\Taylor Steffan\Documents\workspace-spring-tool-suite-4-4.7.1.RELEASE\SovereignBank\src\test\resources
2020-08-27 04:10:34,290 [Worker-44: Building] WARN  o.e.m.c.i.embedder.EclipseLogger - Using platform encoding (Cp1252 actually) to copy filtered resources, i.e. build is platform dependent!
2020-08-27 04:10:34,291 [Worker-44: Building] INFO  o.e.m.c.i.embedder.EclipseLogger - skip non existing resourceDirectory C:\Users\Taylor Steffan\Documents\workspace-spring-tool-suite-4-4.7.1.RELEASE\SovereignBank\src\main\resources
2020-08-27 04:10:34,292 [Worker-44: Building] WARN  o.e.m.c.i.embedder.EclipseLogger - Using platform encoding (Cp1252 actually) to copy filtered resources, i.e. build is platform dependent!
2020-08-27 04:10:34,293 [Worker-44: Building] INFO  o.e.m.c.i.embedder.EclipseLogger - skip non existing resourceDirectory C:\Users\Taylor Steffan\Documents\workspace-spring-tool-suite-4-4.7.1.RELEASE\SovereignBank\src\test\resources
2020-08-27 04:27:25,252 [Worker-35: Building] WARN  o.e.m.c.i.embedder.EclipseLogger - Using platform encoding (Cp1252 actually) to copy filtered resources, i.e. build is platform dependent!
2020-08-27 04:27:25,254 [Worker-35: Building] INFO  o.e.m.c.i.embedder.EclipseLogger - skip non existing resourceDirectory C:\Users\Taylor Steffan\Documents\workspace-spring-tool-suite-4-4.7.1.RELEASE\SovereignBank\src\main\resources
2020-08-27 04:27:25,256 [Worker-35: Building] WARN  o.e.m.c.i.embedder.EclipseLogger - Using platform encoding (Cp1252 actually) to copy filtered resources, i.e. build is platform dependent!
2020-08-27 04:27:25,258 [Worker-35: Building] INFO  o.e.m.c.i.embedder.EclipseLogger - skip non existing resourceDirectory C:\Users\Taylor Steffan\Documents\workspace-spring-tool-suite-4-4.7.1.RELEASE\SovereignBank\src\test\resources
2020-08-27 04:27:42,198 [Worker-35: Building] WARN  o.e.m.c.i.embedder.EclipseLogger - Using platform encoding (Cp1252 actually) to copy filtered resources, i.e. build is platform dependent!
2020-08-27 04:27:42,200 [Worker-35: Building] INFO  o.e.m.c.i.embedder.EclipseLogger - skip non existing resourceDirectory C:\Users\Taylor Steffan\Documents\workspace-spring-tool-suite-4-4.7.1.RELEASE\SovereignBank\src\main\resources
2020-08-27 04:27:42,201 [Worker-35: Building] WARN  o.e.m.c.i.embedder.EclipseLogger - Using platform encoding (Cp1252 actually) to copy filtered resources, i.e. build is platform dependent!
2020-08-27 04:27:42,202 [Worker-35: Building] INFO  o.e.m.c.i.embedder.EclipseLogger - skip non existing resourceDirectory C:\Users\Taylor Steffan\Documents\workspace-spring-tool-suite-4-4.7.1.RELEASE\SovereignBank\src\test\resources
2020-08-27 04:28:45,230 [Worker-46: Launching Driver] WARN  o.e.m.c.i.embedder.EclipseLogger - Using platform encoding (Cp1252 actually) to copy filtered resources, i.e. build is platform dependent!
2020-08-27 04:28:45,232 [Worker-46: Launching Driver] INFO  o.e.m.c.i.embedder.EclipseLogger - skip non existing resourceDirectory C:\Users\Taylor Steffan\Documents\workspace-spring-tool-suite-4-4.7.1.RELEASE\SovereignBank\src\main\resources
2020-08-27 04:28:45,233 [Worker-46: Launching Driver] WARN  o.e.m.c.i.embedder.EclipseLogger - Using platform encoding (Cp1252 actually) to copy filtered resources, i.e. build is platform dependent!
2020-08-27 04:28:45,234 [Worker-46: Launching Driver] INFO  o.e.m.c.i.embedder.EclipseLogger - skip non existing resourceDirectory C:\Users\Taylor Steffan\Documents\workspace-spring-tool-suite-4-4.7.1.RELEASE\SovereignBank\src\test\resources
2020-08-27 04:35:25,533 [Worker-51: Building] WARN  o.e.m.c.i.embedder.EclipseLogger - Using platform encoding (Cp1252 actually) to copy filtered resources, i.e. build is platform dependent!
2020-08-27 04:35:25,535 [Worker-51: Building] INFO  o.e.m.c.i.embedder.EclipseLogger - skip non existing resourceDirectory C:\Users\Taylor Steffan\Documents\workspace-spring-tool-suite-4-4.7.1.RELEASE\SovereignBank\src\main\resources
2020-08-27 04:35:25,536 [Worker-51: Building] WARN  o.e.m.c.i.embedder.EclipseLogger - Using platform encoding (Cp1252 actually) to copy filtered resources, i.e. build is platform dependent!
2020-08-27 04:35:25,538 [Worker-51: Building] INFO  o.e.m.c.i.embedder.EclipseLogger - skip non existing resourceDirectory C:\Users\Taylor Steffan\Documents\workspace-spring-tool-suite-4-4.7.1.RELEASE\SovereignBank\src\test\resources
2020-08-27 04:37:10,743 [Worker-51: Building] WARN  o.e.m.c.i.embedder.EclipseLogger - Using platform encoding (Cp1252 actually) to copy filtered resources, i.e. build is platform dependent!
2020-08-27 04:37:10,747 [Worker-51: Building] INFO  o.e.m.c.i.embedder.EclipseLogger - skip non existing resourceDirectory C:\Users\Taylor Steffan\Documents\workspace-spring-tool-suite-4-4.7.1.RELEASE\SovereignBank\src\main\resources
2020-08-27 04:37:10,750 [Worker-51: Building] WARN  o.e.m.c.i.embedder.EclipseLogger - Using platform encoding (Cp1252 actually) to copy filtered resources, i.e. build is platform dependent!
2020-08-27 04:37:10,753 [Worker-51: Building] INFO  o.e.m.c.i.embedder.EclipseLogger - skip non existing resourceDirectory C:\Users\Taylor Steffan\Documents\workspace-spring-tool-suite-4-4.7.1.RELEASE\SovereignBank\src\test\resources
2020-08-27 04:37:41,401 [Worker-51: Building] WARN  o.e.m.c.i.embedder.EclipseLogger - Using platform encoding (Cp1252 actually) to copy filtered resources, i.e. build is platform dependent!
2020-08-27 04:37:41,402 [Worker-51: Building] INFO  o.e.m.c.i.embedder.EclipseLogger - skip non existing resourceDirectory C:\Users\Taylor Steffan\Documents\workspace-spring-tool-suite-4-4.7.1.RELEASE\SovereignBank\src\main\resources
2020-08-27 04:37:41,403 [Worker-51: Building] WARN  o.e.m.c.i.embedder.EclipseLogger - Using platform encoding (Cp1252 actually) to copy filtered resources, i.e. build is platform dependent!
2020-08-27 04:37:41,404 [Worker-51: Building] INFO  o.e.m.c.i.embedder.EclipseLogger - skip non existing resourceDirectory C:\Users\Taylor Steffan\Documents\workspace-spring-tool-suite-4-4.7.1.RELEASE\SovereignBank\src\test\resources
2020-08-27 04:38:48,300 [Worker-52: Building] WARN  o.e.m.c.i.embedder.EclipseLogger - Using platform encoding (Cp1252 actually) to copy filtered resources, i.e. build is platform dependent!
2020-08-27 04:38:48,301 [Worker-52: Building] INFO  o.e.m.c.i.embedder.EclipseLogger - skip non existing resourceDirectory C:\Users\Taylor Steffan\Documents\workspace-spring-tool-suite-4-4.7.1.RELEASE\SovereignBank\src\main\resources
2020-08-27 04:38:48,302 [Worker-52: Building] WARN  o.e.m.c.i.embedder.EclipseLogger - Using platform encoding (Cp1252 actually) to copy filtered resources, i.e. build is platform dependent!
2020-08-27 04:38:48,303 [Worker-52: Building] INFO  o.e.m.c.i.embedder.EclipseLogger - skip non existing resourceDirectory C:\Users\Taylor Steffan\Documents\workspace-spring-tool-suite-4-4.7.1.RELEASE\SovereignBank\src\test\resources
2020-08-27 07:04:53,434 [Worker-55: Building] WARN  o.e.m.c.i.embedder.EclipseLogger - Using platform encoding (Cp1252 actually) to copy filtered resources, i.e. build is platform dependent!
2020-08-27 07:04:53,435 [Worker-55: Building] INFO  o.e.m.c.i.embedder.EclipseLogger - skip non existing resourceDirectory C:\Users\Taylor Steffan\Documents\workspace-spring-tool-suite-4-4.7.1.RELEASE\SovereignBank\src\main\resources
2020-08-27 07:04:53,436 [Worker-55: Building] WARN  o.e.m.c.i.embedder.EclipseLogger - Using platform encoding (Cp1252 actually) to copy filtered resources, i.e. build is platform dependent!
2020-08-27 07:04:53,437 [Worker-55: Building] INFO  o.e.m.c.i.embedder.EclipseLogger - skip non existing resourceDirectory C:\Users\Taylor Steffan\Documents\workspace-spring-tool-suite-4-4.7.1.RELEASE\SovereignBank\src\test\resources
